Sun Sep 23 18:41:22 Saved as file C:\MEUS DOCUMENTOS\PROJETOS\ESCUTA\ECUTA.MAX
Sun Sep 23 18:41:22 Saved as file BACKUP1.MAX
Sun Sep 23 18:41:22 Saved as file C:\MEUS DOCUMENTOS\PROJETOS\ESCUTA\ECUTA.MAX
Sun Sep 23 18:41:23 UserDiv from Layout.INI for AutoECO: 60
Sun Sep 23 18:41:24 Loaded file C:\MEUS DOCUMENTOS\PROJETOS\ESCUTA\ECUTA.MAX
Sun Sep 23 18:41:24 Loaded file C:\MEUS DOCUMENTOS\PROJETOS\TEMPLATE\BLIBIO~1.LLB
Sun Sep 23 18:41:25 Loaded file C:\PROGRAM FILES\ORCAD\LAYOUT_PLUS\library\BCON100T.llb
Sun Sep 23 18:41:25 Loaded file C:\PROGRAM FILES\ORCAD\LAYOUT_PLUS\library\BCON156T.llb
Sun Sep 23 18:41:26 Loaded file C:\PROGRAM FILES\ORCAD\LAYOUT_PLUS\library\BGA.llb
Sun Sep 23 18:41:26 Loaded file C:\PROGRAM FILES\ORCAD\LAYOUT_PLUS\library\CLCC.llb
Sun Sep 23 18:41:26 Loaded file C:\PROGRAM FILES\ORCAD\LAYOUT_PLUS\library\DCON050T.llb
Sun Sep 23 18:41:26 Loaded file C:\PROGRAM FILES\ORCAD\LAYOUT_PLUS\library\DCON085T.llb
Sun Sep 23 18:41:26 Loaded file C:\PROGRAM FILES\ORCAD\LAYOUT_PLUS\library\DIMM050F.llb
Sun Sep 23 18:41:26 Loaded file C:\PROGRAM FILES\ORCAD\LAYOUT_PLUS\library\DIMM050T.llb
Sun Sep 23 18:41:26 Loaded file C:\PROGRAM FILES\ORCAD\LAYOUT_PLUS\library\DIN.llb
Sun Sep 23 18:41:26 Loaded file C:\PROGRAM FILES\ORCAD\LAYOUT_PLUS\library\DIP100B.llb
Sun Sep 23 18:41:26 Loaded file C:\PROGRAM FILES\ORCAD\LAYOUT_PLUS\library\DIP100T.llb
Sun Sep 23 18:41:27 Loaded file C:\PROGRAM FILES\ORCAD\LAYOUT_PLUS\library\DSUBT.llb
Sun Sep 23 18:41:27 Loaded file C:\PROGRAM FILES\ORCAD\LAYOUT_PLUS\library\DSUBT_HD.LLB
Sun Sep 23 18:41:27 Loaded file C:\PROGRAM FILES\ORCAD\LAYOUT_PLUS\library\ECON100T.llb
Sun Sep 23 18:41:27 Loaded file C:\PROGRAM FILES\ORCAD\LAYOUT_PLUS\library\FBUS.llb
Sun Sep 23 18:41:27 Loaded file C:\PROGRAM FILES\ORCAD\LAYOUT_PLUS\library\ISA.llb
Sun Sep 23 18:41:27 Loaded file C:\PROGRAM FILES\ORCAD\LAYOUT_PLUS\library\JUMPER.LLB
Sun Sep 23 18:41:27 Loaded file C:\PROGRAM FILES\ORCAD\LAYOUT_PLUS\library\LAYOUT.llb
Sun Sep 23 18:41:27 Loaded file C:\PROGRAM FILES\ORCAD\LAYOUT_PLUS\library\LCON100T.llb
Sun Sep 23 18:41:27 Loaded file C:\PROGRAM FILES\ORCAD\LAYOUT_PLUS\library\PC104.llb
Sun Sep 23 18:41:27 Loaded file C:\PROGRAM FILES\ORCAD\LAYOUT_PLUS\library\PCI.llb
Sun Sep 23 18:41:27 Loaded file C:\PROGRAM FILES\ORCAD\LAYOUT_PLUS\library\PCON100T.llb
Sun Sep 23 18:41:27 Loaded file C:\PROGRAM FILES\ORCAD\LAYOUT_PLUS\library\PCON156T.llb
Sun Sep 23 18:41:27 Loaded file C:\PROGRAM FILES\ORCAD\LAYOUT_PLUS\library\PGA.llb
Sun Sep 23 18:41:27 Loaded file C:\PROGRAM FILES\ORCAD\LAYOUT_PLUS\library\PLCC.llb
Sun Sep 23 18:41:27 Loaded file C:\PROGRAM FILES\ORCAD\LAYOUT_PLUS\library\QUAD.llb
Sun Sep 23 18:41:28 Loaded file C:\PROGRAM FILES\ORCAD\LAYOUT_PLUS\library\QUADB.llb
Sun Sep 23 18:41:28 Loaded file C:\PROGRAM FILES\ORCAD\LAYOUT_PLUS\library\RELAY.llb
Sun Sep 23 18:41:28 Loaded file C:\PROGRAM FILES\ORCAD\LAYOUT_PLUS\library\RF.llb
Sun Sep 23 18:41:28 Loaded file C:\PROGRAM FILES\ORCAD\LAYOUT_PLUS\library\SBUS.llb
Sun Sep 23 18:41:28 Loaded file C:\PROGRAM FILES\ORCAD\LAYOUT_PLUS\library\SIMM050F.llb
Sun Sep 23 18:41:28 Loaded file C:\PROGRAM FILES\ORCAD\LAYOUT_PLUS\library\SIMM050T.llb
Sun Sep 23 18:41:28 Loaded file C:\PROGRAM FILES\ORCAD\LAYOUT_PLUS\library\SIMM100F.llb
Sun Sep 23 18:41:28 Loaded file C:\PROGRAM FILES\ORCAD\LAYOUT_PLUS\library\SIMM100T.llb
Sun Sep 23 18:41:28 Loaded file C:\PROGRAM FILES\ORCAD\LAYOUT_PLUS\library\SIP.llb
Sun Sep 23 18:41:28 Loaded file C:\PROGRAM FILES\ORCAD\LAYOUT_PLUS\library\SM.llb
Sun Sep 23 18:41:28 Loaded file C:\PROGRAM FILES\ORCAD\LAYOUT_PLUS\library\SOG.llb
Sun Sep 23 18:41:28 Loaded file C:\PROGRAM FILES\ORCAD\LAYOUT_PLUS\library\SOJ.llb
Sun Sep 23 18:41:28 Loaded file C:\PROGRAM FILES\ORCAD\LAYOUT_PLUS\library\STIFF.llb
Sun Sep 23 18:41:28 Loaded file C:\PROGRAM FILES\ORCAD\LAYOUT_PLUS\library\TELE.llb
Sun Sep 23 18:41:28 Loaded file C:\PROGRAM FILES\ORCAD\LAYOUT_PLUS\library\TM_AXIAL.llb
Sun Sep 23 18:41:28 Loaded file C:\PROGRAM FILES\ORCAD\LAYOUT_PLUS\library\TM_CAP_P.llb
Sun Sep 23 18:41:29 Loaded file C:\PROGRAM FILES\ORCAD\LAYOUT_PLUS\library\TM_CYLND.llb
Sun Sep 23 18:41:29 Loaded file C:\PROGRAM FILES\ORCAD\LAYOUT_PLUS\library\TM_DIODE.llb
Sun Sep 23 18:41:29 Loaded file C:\PROGRAM FILES\ORCAD\LAYOUT_PLUS\library\TM_DISC.llb
Sun Sep 23 18:41:29 Loaded file C:\PROGRAM FILES\ORCAD\LAYOUT_PLUS\library\TM_RAD.llb
Sun Sep 23 18:41:29 Loaded file C:\PROGRAM FILES\ORCAD\LAYOUT_PLUS\library\TO.llb
Sun Sep 23 18:41:29 Loaded file C:\PROGRAM FILES\ORCAD\LAYOUT_PLUS\library\TRAINING.LLB
Sun Sep 23 18:41:29 Loaded file C:\PROGRAM FILES\ORCAD\LAYOUT_PLUS\library\VRES.llb
Sun Sep 23 18:41:29 Loaded file C:\PROGRAM FILES\ORCAD\LAYOUT_PLUS\library\WCON100T.llb
Sun Sep 23 18:41:29 Loaded file C:\PROGRAM FILES\ORCAD\LAYOUT_PLUS\library\XT.llb
Sun Sep 23 18:41:29 Loaded file C:\PROGRAM FILES\ORCAD\LAYOUT_PLUS\library\ZIGZAG.llb
Sun Sep 23 18:41:30 Loaded file C:\MEUS DOCUMENTOS\PROJETOS\ESCUTA\ECUTA.MAX
Sun Sep 23 18:41:30 Saved as file C:\MEUS DOCUMENTOS\PROJETOS\ESCUTA\ECUTA.MAX
Sun Sep 23 18:41:30 Loaded file C:\MEUS DOCUMENTOS\PROJETOS\ESCUTA\ECUTA.MAX
Sun Sep 23 18:41:57 Loaded file C:\PROGRAM FILES\ORCAD\LAYOUT_PLUS\data\template.imp
Sun Sep 23 18:41:57 Loaded file C:\PROGRAM FILES\ORCAD\LAYOUT_PLUS\data\template.imp
Sun Sep 23 18:42:06 Loaded file C:\PROGRAM FILES\ORCAD\LAYOUT_PLUS\library\RELAY.llb
Sun Sep 23 18:42:09 Loaded file C:\PROGRAM FILES\ORCAD\LAYOUT_PLUS\data\template.imp
Sun Sep 23 18:42:11 Loaded file C:\PROGRAM FILES\ORCAD\LAYOUT_PLUS\data\template.imp
Sun Sep 23 18:42:12 Loaded file C:\PROGRAM FILES\ORCAD\LAYOUT_PLUS\data\template.imp
Sun Sep 23 18:42:13 Loaded file C:\PROGRAM FILES\ORCAD\LAYOUT_PLUS\data\template.imp
Sun Sep 23 18:42:13 Loaded file C:\PROGRAM FILES\ORCAD\LAYOUT_PLUS\data\template.imp
Sun Sep 23 18:42:14 Loaded file C:\PROGRAM FILES\ORCAD\LAYOUT_PLUS\data\template.imp
Sun Sep 23 18:42:14 Loaded file C:\PROGRAM FILES\ORCAD\LAYOUT_PLUS\data\template.imp
Sun Sep 23 18:42:15 Loaded file C:\PROGRAM FILES\ORCAD\LAYOUT_PLUS\data\template.imp
Sun Sep 23 18:42:16 Loaded file C:\PROGRAM FILES\ORCAD\LAYOUT_PLUS\data\template.imp
Sun Sep 23 18:42:17 Loaded file C:\PROGRAM FILES\ORCAD\LAYOUT_PLUS\data\template.imp
Sun Sep 23 18:42:18 Loaded file C:\PROGRAM FILES\ORCAD\LAYOUT_PLUS\data\template.imp
Sun Sep 23 18:42:18 Loaded file C:\PROGRAM FILES\ORCAD\LAYOUT_PLUS\data\template.imp
Sun Sep 23 18:42:19 Loaded file C:\PROGRAM FILES\ORCAD\LAYOUT_PLUS\data\template.imp
Sun Sep 23 18:42:21 Loaded file C:\PROGRAM FILES\ORCAD\LAYOUT_PLUS\data\template.imp
Sun Sep 23 18:42:22 Loaded file C:\PROGRAM FILES\ORCAD\LAYOUT_PLUS\data\template.imp
Sun Sep 23 18:42:23 Loaded file C:\PROGRAM FILES\ORCAD\LAYOUT_PLUS\data\template.imp
Sun Sep 23 18:42:24 Loaded file C:\PROGRAM FILES\ORCAD\LAYOUT_PLUS\data\template.imp
Sun Sep 23 18:42:25 Loaded file C:\PROGRAM FILES\ORCAD\LAYOUT_PLUS\data\template.imp
Sun Sep 23 18:42:26 Loaded file C:\PROGRAM FILES\ORCAD\LAYOUT_PLUS\data\template.imp
Sun Sep 23 18:42:26 Loaded file C:\PROGRAM FILES\ORCAD\LAYOUT_PLUS\data\template.imp
Sun Sep 23 18:42:27 Loaded file C:\PROGRAM FILES\ORCAD\LAYOUT_PLUS\data\template.imp
Sun Sep 23 18:42:28 Loaded file C:\PROGRAM FILES\ORCAD\LAYOUT_PLUS\data\template.imp
Sun Sep 23 18:42:29 Loaded file C:\PROGRAM FILES\ORCAD\LAYOUT_PLUS\data\template.imp
Sun Sep 23 18:42:30 Loaded file C:\PROGRAM FILES\ORCAD\LAYOUT_PLUS\data\template.imp
Sun Sep 23 18:42:30 Loaded file C:\PROGRAM FILES\ORCAD\LAYOUT_PLUS\data\template.imp
Sun Sep 23 18:42:31 Loaded file C:\PROGRAM FILES\ORCAD\LAYOUT_PLUS\data\template.imp
Sun Sep 23 18:42:32 Loaded file C:\PROGRAM FILES\ORCAD\LAYOUT_PLUS\data\template.imp
Sun Sep 23 18:42:32 Loaded file C:\PROGRAM FILES\ORCAD\LAYOUT_PLUS\data\template.imp
Sun Sep 23 18:42:33 Loaded file C:\PROGRAM FILES\ORCAD\LAYOUT_PLUS\data\template.imp
Sun Sep 23 18:42:34 Loaded file C:\PROGRAM FILES\ORCAD\LAYOUT_PLUS\data\template.imp
Sun Sep 23 18:42:34 Loaded file C:\PROGRAM FILES\ORCAD\LAYOUT_PLUS\data\template.imp
Sun Sep 23 18:42:35 Loaded file C:\PROGRAM FILES\ORCAD\LAYOUT_PLUS\data\template.imp
Sun Sep 23 18:42:36 Loaded file C:\PROGRAM FILES\ORCAD\LAYOUT_PLUS\data\template.imp
Sun Sep 23 18:42:37 Loaded file C:\PROGRAM FILES\ORCAD\LAYOUT_PLUS\data\template.imp
Sun Sep 23 18:42:37 Loaded file C:\PROGRAM FILES\ORCAD\LAYOUT_PLUS\data\template.imp
Sun Sep 23 18:42:38 Loaded file C:\PROGRAM FILES\ORCAD\LAYOUT_PLUS\data\template.imp
Sun Sep 23 18:42:39 Loaded file C:\PROGRAM FILES\ORCAD\LAYOUT_PLUS\data\template.imp
Sun Sep 23 18:42:40 Loaded file C:\PROGRAM FILES\ORCAD\LAYOUT_PLUS\data\template.imp
Sun Sep 23 18:42:44 Loaded file C:\PROGRAM FILES\ORCAD\LAYOUT_PLUS\data\template.imp
Sun Sep 23 18:42:45 Loaded file C:\PROGRAM FILES\ORCAD\LAYOUT_PLUS\data\template.imp
Sun Sep 23 18:42:46 Loaded file C:\PROGRAM FILES\ORCAD\LAYOUT_PLUS\data\template.imp
Sun Sep 23 18:42:46 Loaded file C:\PROGRAM FILES\ORCAD\LAYOUT_PLUS\data\template.imp
Sun Sep 23 18:42:47 Loaded file C:\PROGRAM FILES\ORCAD\LAYOUT_PLUS\data\template.imp
Sun Sep 23 18:42:48 Loaded file C:\PROGRAM FILES\ORCAD\LAYOUT_PLUS\data\template.imp
Sun Sep 23 18:42:48 Loaded file C:\PROGRAM FILES\ORCAD\LAYOUT_PLUS\data\template.imp
Sun Sep 23 18:42:49 Loaded file C:\PROGRAM FILES\ORCAD\LAYOUT_PLUS\data\template.imp
Sun Sep 23 18:42:50 Loaded file C:\PROGRAM FILES\ORCAD\LAYOUT_PLUS\data\template.imp
Sun Sep 23 18:42:51 Loaded file C:\PROGRAM FILES\ORCAD\LAYOUT_PLUS\data\template.imp
Sun Sep 23 18:42:52 Loaded file C:\PROGRAM FILES\ORCAD\LAYOUT_PLUS\data\template.imp
Sun Sep 23 18:42:53 Loaded file C:\PROGRAM FILES\ORCAD\LAYOUT_PLUS\data\template.imp
Sun Sep 23 18:42:53 Loaded file C:\PROGRAM FILES\ORCAD\LAYOUT_PLUS\data\template.imp
Sun Sep 23 18:42:55 Loaded file C:\PROGRAM FILES\ORCAD\LAYOUT_PLUS\data\template.imp
Sun Sep 23 18:42:58 Loaded file C:\PROGRAM FILES\ORCAD\LAYOUT_PLUS\data\template.imp
Sun Sep 23 18:42:59 Loaded file C:\PROGRAM FILES\ORCAD\LAYOUT_PLUS\data\template.imp
Sun Sep 23 18:43:01 Loaded file C:\PROGRAM FILES\ORCAD\LAYOUT_PLUS\data\template.imp
Sun Sep 23 18:43:01 Loaded file C:\PROGRAM FILES\ORCAD\LAYOUT_PLUS\data\template.imp
Sun Sep 23 18:45:28 Saved as file C:\MEUS DOCUMENTOS\PROJETOS\ESCUTA\ESCUTA.MAX
Sun Sep 23 18:45:28 Saved as file BACKUP1.MAX
Sun Sep 23 18:45:28 Saved as file C:\MEUS DOCUMENTOS\PROJETOS\ESCUTA\ESCUTA.MAX
Sun Sep 23 18:45:29 UserDiv from Layout.INI for AutoECO: 60
Sun Sep 23 18:45:29 Loaded file C:\MEUS DOCUMENTOS\PROJETOS\ESCUTA\ESCUTA.MAX
Sun Sep 23 18:45:29 Loaded file C:\MEUS DOCUMENTOS\PROJETOS\TEMPLATE\BLIBIO~1.LLB
Sun Sep 23 18:45:29 Loaded file C:\PROGRAM FILES\ORCAD\LAYOUT_PLUS\library\BCON100T.llb
Sun Sep 23 18:45:30 Loaded file C:\PROGRAM FILES\ORCAD\LAYOUT_PLUS\library\BCON156T.llb
Sun Sep 23 18:45:30 Loaded file C:\PROGRAM FILES\ORCAD\LAYOUT_PLUS\library\BGA.llb
Sun Sep 23 18:45:30 Loaded file C:\PROGRAM FILES\ORCAD\LAYOUT_PLUS\library\CLCC.llb
Sun Sep 23 18:45:30 Loaded file C:\PROGRAM FILES\ORCAD\LAYOUT_PLUS\library\DCON050T.llb
Sun Sep 23 18:45:30 Loaded file C:\PROGRAM FILES\ORCAD\LAYOUT_PLUS\library\DCON085T.llb
Sun Sep 23 18:45:30 Loaded file C:\PROGRAM FILES\ORCAD\LAYOUT_PLUS\library\DIMM050F.llb
Sun Sep 23 18:45:30 Loaded file C:\PROGRAM FILES\ORCAD\LAYOUT_PLUS\library\DIMM050T.llb
Sun Sep 23 18:45:30 Loaded file C:\PROGRAM FILES\ORCAD\LAYOUT_PLUS\library\DIN.llb
Sun Sep 23 18:45:30 Loaded file C:\PROGRAM FILES\ORCAD\LAYOUT_PLUS\library\DIP100B.llb
Sun Sep 23 18:45:30 Loaded file C:\PROGRAM FILES\ORCAD\LAYOUT_PLUS\library\DIP100T.llb
Sun Sep 23 18:45:30 Loaded file C:\PROGRAM FILES\ORCAD\LAYOUT_PLUS\library\DSUBT.llb
Sun Sep 23 18:45:30 Loaded file C:\PROGRAM FILES\ORCAD\LAYOUT_PLUS\library\DSUBT_HD.LLB
Sun Sep 23 18:45:30 Loaded file C:\PROGRAM FILES\ORCAD\LAYOUT_PLUS\library\ECON100T.llb
Sun Sep 23 18:45:30 Loaded file C:\PROGRAM FILES\ORCAD\LAYOUT_PLUS\library\FBUS.llb
Sun Sep 23 18:45:30 Loaded file C:\PROGRAM FILES\ORCAD\LAYOUT_PLUS\library\ISA.llb
Sun Sep 23 18:45:30 Loaded file C:\PROGRAM FILES\ORCAD\LAYOUT_PLUS\library\JUMPER.LLB
Sun Sep 23 18:45:30 Loaded file C:\PROGRAM FILES\ORCAD\LAYOUT_PLUS\library\LAYOUT.llb
Sun Sep 23 18:45:30 Loaded file C:\PROGRAM FILES\ORCAD\LAYOUT_PLUS\library\LCON100T.llb
Sun Sep 23 18:45:30 Loaded file C:\PROGRAM FILES\ORCAD\LAYOUT_PLUS\library\PC104.llb
Sun Sep 23 18:45:30 Loaded file C:\PROGRAM FILES\ORCAD\LAYOUT_PLUS\library\PCI.llb
Sun Sep 23 18:45:30 Loaded file C:\PROGRAM FILES\ORCAD\LAYOUT_PLUS\library\PCON100T.llb
Sun Sep 23 18:45:30 Loaded file C:\PROGRAM FILES\ORCAD\LAYOUT_PLUS\library\PCON156T.llb
Sun Sep 23 18:45:30 Loaded file C:\PROGRAM FILES\ORCAD\LAYOUT_PLUS\library\PGA.llb
Sun Sep 23 18:45:30 Loaded file C:\PROGRAM FILES\ORCAD\LAYOUT_PLUS\library\PLCC.llb
Sun Sep 23 18:45:31 Loaded file C:\PROGRAM FILES\ORCAD\LAYOUT_PLUS\library\QUAD.llb
Sun Sep 23 18:45:31 Loaded file C:\PROGRAM FILES\ORCAD\LAYOUT_PLUS\library\QUADB.llb
Sun Sep 23 18:45:31 Loaded file C:\PROGRAM FILES\ORCAD\LAYOUT_PLUS\library\RELAY.llb
Sun Sep 23 18:45:31 Loaded file C:\PROGRAM FILES\ORCAD\LAYOUT_PLUS\library\RF.llb
Sun Sep 23 18:45:31 Loaded file C:\PROGRAM FILES\ORCAD\LAYOUT_PLUS\library\SBUS.llb
Sun Sep 23 18:45:31 Loaded file C:\PROGRAM FILES\ORCAD\LAYOUT_PLUS\library\SIMM050F.llb
Sun Sep 23 18:45:31 Loaded file C:\PROGRAM FILES\ORCAD\LAYOUT_PLUS\library\SIMM050T.llb
Sun Sep 23 18:45:31 Loaded file C:\PROGRAM FILES\ORCAD\LAYOUT_PLUS\library\SIMM100F.llb
Sun Sep 23 18:45:31 Loaded file C:\PROGRAM FILES\ORCAD\LAYOUT_PLUS\library\SIMM100T.llb
Sun Sep 23 18:45:31 Loaded file C:\PROGRAM FILES\ORCAD\LAYOUT_PLUS\library\SIP.llb
Sun Sep 23 18:45:31 Loaded file C:\PROGRAM FILES\ORCAD\LAYOUT_PLUS\library\SM.llb
Sun Sep 23 18:45:31 Loaded file C:\PROGRAM FILES\ORCAD\LAYOUT_PLUS\library\SOG.llb
Sun Sep 23 18:45:31 Loaded file C:\PROGRAM FILES\ORCAD\LAYOUT_PLUS\library\SOJ.llb
Sun Sep 23 18:45:31 Loaded file C:\PROGRAM FILES\ORCAD\LAYOUT_PLUS\library\STIFF.llb
Sun Sep 23 18:45:31 Loaded file C:\PROGRAM FILES\ORCAD\LAYOUT_PLUS\library\TELE.llb
Sun Sep 23 18:45:31 Loaded file C:\PROGRAM FILES\ORCAD\LAYOUT_PLUS\library\TM_AXIAL.llb
Sun Sep 23 18:45:31 Loaded file C:\PROGRAM FILES\ORCAD\LAYOUT_PLUS\library\TM_CAP_P.llb
Sun Sep 23 18:45:31 Loaded file C:\PROGRAM FILES\ORCAD\LAYOUT_PLUS\library\TM_CYLND.llb
Sun Sep 23 18:45:31 Loaded file C:\PROGRAM FILES\ORCAD\LAYOUT_PLUS\library\TM_DIODE.llb
Sun Sep 23 18:45:31 Loaded file C:\PROGRAM FILES\ORCAD\LAYOUT_PLUS\library\TM_DISC.llb
Sun Sep 23 18:45:31 Loaded file C:\PROGRAM FILES\ORCAD\LAYOUT_PLUS\library\TM_RAD.llb
Sun Sep 23 18:45:31 Loaded file C:\PROGRAM FILES\ORCAD\LAYOUT_PLUS\library\TO.llb
Sun Sep 23 18:45:31 Loaded file C:\PROGRAM FILES\ORCAD\LAYOUT_PLUS\library\TRAINING.LLB
Sun Sep 23 18:45:31 Loaded file C:\PROGRAM FILES\ORCAD\LAYOUT_PLUS\library\VRES.llb
Sun Sep 23 18:45:32 Loaded file C:\PROGRAM FILES\ORCAD\LAYOUT_PLUS\library\WCON100T.llb
Sun Sep 23 18:45:32 Loaded file C:\PROGRAM FILES\ORCAD\LAYOUT_PLUS\library\XT.llb
Sun Sep 23 18:45:32 Loaded file C:\PROGRAM FILES\ORCAD\LAYOUT_PLUS\library\ZIGZAG.llb
Sun Sep 23 18:45:32 Loaded file C:\MEUS DOCUMENTOS\PROJETOS\TEMPLATE\BLIBIO~1.LLB
Sun Sep 23 18:45:32 Library file not found:USER.PRT
Sun Sep 23 18:45:32 Library file not found:USER.PRT
Sun Sep 23 18:45:34 Loaded file C:\PROGRAM FILES\ORCAD\LAYOUT_PLUS\data\template.imp
Sun Sep 23 18:45:35 Loaded file C:\PROGRAM FILES\ORCAD\LAYOUT_PLUS\data\template.imp
Sun Sep 23 18:45:43 Loaded file C:\PROGRAM FILES\ORCAD\LAYOUT_PLUS\library\TM_AXIAL.llb
Sun Sep 23 18:45:44 Loaded file C:\PROGRAM FILES\ORCAD\LAYOUT_PLUS\data\template.imp
Sun Sep 23 18:45:47 Loaded file C:\PROGRAM FILES\ORCAD\LAYOUT_PLUS\library\TM_AXIAL.llb
Sun Sep 23 18:45:47 Loaded file C:\MEUS DOCUMENTOS\PROJETOS\TEMPLATE\BLIBIO~1.LLB
Sun Sep 23 18:45:47 Loaded file C:\MEUS DOCUMENTOS\PROJETOS\TEMPLATE\BLIBIO~1.LLB
Sun Sep 23 18:45:47 Loaded file C:\MEUS DOCUMENTOS\PROJETOS\TEMPLATE\BLIBIO~1.LLB
Sun Sep 23 18:45:47 Loaded file C:\MEUS DOCUMENTOS\PROJETOS\TEMPLATE\BLIBIO~1.LLB
Sun Sep 23 18:45:52 Loaded file C:\PROGRAM FILES\ORCAD\LAYOUT_PLUS\data\template.imp
Sun Sep 23 18:45:52 Loaded file C:\PROGRAM FILES\ORCAD\LAYOUT_PLUS\data\template.imp
Sun Sep 23 18:46:12 Loaded file C:\PROGRAM FILES\ORCAD\LAYOUT_PLUS\library\RELAY.llb
Sun Sep 23 18:46:14 Loaded file C:\PROGRAM FILES\ORCAD\LAYOUT_PLUS\data\template.imp
Sun Sep 23 18:46:18 Loaded file C:\PROGRAM FILES\ORCAD\LAYOUT_PLUS\data\template.imp
Sun Sep 23 18:46:19 Loaded file C:\PROGRAM FILES\ORCAD\LAYOUT_PLUS\library\RELAY.llb
Sun Sep 23 18:46:56 Loaded file C:\PROGRAM FILES\ORCAD\LAYOUT_PLUS\data\template.imp
Sun Sep 23 18:46:56 Loaded file C:\PROGRAM FILES\ORCAD\LAYOUT_PLUS\data\template.imp
Sun Sep 23 18:46:58 Loaded file C:\PROGRAM FILES\ORCAD\LAYOUT_PLUS\data\template.imp
Sun Sep 23 18:47:02 Loaded file C:\PROGRAM FILES\ORCAD\LAYOUT_PLUS\library\RELAY.llb
Sun Sep 23 18:47:08 Loaded file C:\PROGRAM FILES\ORCAD\LAYOUT_PLUS\data\template.imp
Sun Sep 23 18:47:08 Loaded file C:\PROGRAM FILES\ORCAD\LAYOUT_PLUS\data\template.imp
Sun Sep 23 18:47:11 Loaded file C:\PROGRAM FILES\ORCAD\LAYOUT_PLUS\data\template.imp
Sun Sep 23 18:47:12 Loaded file C:\PROGRAM FILES\ORCAD\LAYOUT_PLUS\data\template.imp
Sun Sep 23 18:47:58 Loaded file C:\PROGRAM FILES\ORCAD\LAYOUT_PLUS\data\DEFAULT.MAX
Sun Sep 23 18:47:58 Loaded file C:\PROGRAM FILES\ORCAD\LAYOUT_PLUS\data\template.imp
Sun Sep 23 18:47:58 Loaded file C:\PROGRAM FILES\ORCAD\LAYOUT_PLUS\data\template.imp
Sun Sep 23 18:48:06 Loaded file C:\MEUS DOCUMENTOS\PROJETOS\TEMPLATE\BLIBIO~1.LLB
Sun Sep 23 18:48:06 Loaded file C:\PROGRAM FILES\ORCAD\LAYOUT_PLUS\library\BCON100T.llb
Sun Sep 23 18:48:06 Loaded file C:\PROGRAM FILES\ORCAD\LAYOUT_PLUS\library\BCON156T.llb
Sun Sep 23 18:48:06 Loaded file C:\PROGRAM FILES\ORCAD\LAYOUT_PLUS\library\BGA.llb
Sun Sep 23 18:48:06 Loaded file C:\PROGRAM FILES\ORCAD\LAYOUT_PLUS\library\CLCC.llb
Sun Sep 23 18:48:06 Loaded file C:\PROGRAM FILES\ORCAD\LAYOUT_PLUS\library\DCON050T.llb
Sun Sep 23 18:48:06 Loaded file C:\PROGRAM FILES\ORCAD\LAYOUT_PLUS\library\DCON085T.llb
Sun Sep 23 18:48:06 Loaded file C:\PROGRAM FILES\ORCAD\LAYOUT_PLUS\library\DIMM050F.llb
Sun Sep 23 18:48:06 Loaded file C:\PROGRAM FILES\ORCAD\LAYOUT_PLUS\library\DIMM050T.llb
Sun Sep 23 18:48:06 Loaded file C:\PROGRAM FILES\ORCAD\LAYOUT_PLUS\library\DIN.llb
Sun Sep 23 18:48:06 Loaded file C:\PROGRAM FILES\ORCAD\LAYOUT_PLUS\library\DIP100B.llb
Sun Sep 23 18:48:06 Loaded file C:\PROGRAM FILES\ORCAD\LAYOUT_PLUS\library\DIP100T.llb
Sun Sep 23 18:48:06 Loaded file C:\PROGRAM FILES\ORCAD\LAYOUT_PLUS\library\DSUBT.llb
Sun Sep 23 18:48:06 Loaded file C:\PROGRAM FILES\ORCAD\LAYOUT_PLUS\library\DSUBT_HD.LLB
Sun Sep 23 18:48:06 Loaded file C:\PROGRAM FILES\ORCAD\LAYOUT_PLUS\library\ECON100T.llb
Sun Sep 23 18:48:06 Loaded file C:\PROGRAM FILES\ORCAD\LAYOUT_PLUS\library\FBUS.llb
Sun Sep 23 18:48:06 Loaded file C:\PROGRAM FILES\ORCAD\LAYOUT_PLUS\library\ISA.llb
Sun Sep 23 18:48:06 Loaded file C:\PROGRAM FILES\ORCAD\LAYOUT_PLUS\library\JUMPER.LLB
Sun Sep 23 18:48:06 Loaded file C:\PROGRAM FILES\ORCAD\LAYOUT_PLUS\library\LAYOUT.llb
Sun Sep 23 18:48:07 Loaded file C:\PROGRAM FILES\ORCAD\LAYOUT_PLUS\library\LCON100T.llb
Sun Sep 23 18:48:07 Loaded file C:\PROGRAM FILES\ORCAD\LAYOUT_PLUS\library\PC104.llb
Sun Sep 23 18:48:07 Loaded file C:\PROGRAM FILES\ORCAD\LAYOUT_PLUS\library\PCI.llb
Sun Sep 23 18:48:07 Loaded file C:\PROGRAM FILES\ORCAD\LAYOUT_PLUS\library\PCON100T.llb
Sun Sep 23 18:48:07 Loaded file C:\PROGRAM FILES\ORCAD\LAYOUT_PLUS\library\PCON156T.llb
Sun Sep 23 18:48:07 Loaded file C:\PROGRAM FILES\ORCAD\LAYOUT_PLUS\library\PGA.llb
Sun Sep 23 18:48:07 Loaded file C:\PROGRAM FILES\ORCAD\LAYOUT_PLUS\library\PLCC.llb
Sun Sep 23 18:48:07 Loaded file C:\PROGRAM FILES\ORCAD\LAYOUT_PLUS\library\QUAD.llb
Sun Sep 23 18:48:07 Loaded file C:\PROGRAM FILES\ORCAD\LAYOUT_PLUS\library\QUADB.llb
Sun Sep 23 18:48:07 Loaded file C:\PROGRAM FILES\ORCAD\LAYOUT_PLUS\library\RELAY.llb
Sun Sep 23 18:48:07 Loaded file C:\PROGRAM FILES\ORCAD\LAYOUT_PLUS\library\RF.llb
Sun Sep 23 18:48:07 Loaded file C:\PROGRAM FILES\ORCAD\LAYOUT_PLUS\library\SBUS.llb
Sun Sep 23 18:48:07 Loaded file C:\PROGRAM FILES\ORCAD\LAYOUT_PLUS\library\SIMM050F.llb
Sun Sep 23 18:48:07 Loaded file C:\PROGRAM FILES\ORCAD\LAYOUT_PLUS\library\SIMM050T.llb
Sun Sep 23 18:48:07 Loaded file C:\PROGRAM FILES\ORCAD\LAYOUT_PLUS\library\SIMM100F.llb
Sun Sep 23 18:48:07 Loaded file C:\PROGRAM FILES\ORCAD\LAYOUT_PLUS\library\SIMM100T.llb
Sun Sep 23 18:48:07 Loaded file C:\PROGRAM FILES\ORCAD\LAYOUT_PLUS\library\SIP.llb
Sun Sep 23 18:48:07 Loaded file C:\PROGRAM FILES\ORCAD\LAYOUT_PLUS\library\SM.llb
Sun Sep 23 18:48:07 Loaded file C:\PROGRAM FILES\ORCAD\LAYOUT_PLUS\library\SOG.llb
Sun Sep 23 18:48:07 Loaded file C:\PROGRAM FILES\ORCAD\LAYOUT_PLUS\library\SOJ.llb
Sun Sep 23 18:48:07 Loaded file C:\PROGRAM FILES\ORCAD\LAYOUT_PLUS\library\STIFF.llb
Sun Sep 23 18:48:07 Loaded file C:\PROGRAM FILES\ORCAD\LAYOUT_PLUS\library\TELE.llb
Sun Sep 23 18:48:07 Loaded file C:\PROGRAM FILES\ORCAD\LAYOUT_PLUS\library\TM_AXIAL.llb
Sun Sep 23 18:48:07 Loaded file C:\PROGRAM FILES\ORCAD\LAYOUT_PLUS\library\TM_CAP_P.llb
Sun Sep 23 18:48:08 Loaded file C:\PROGRAM FILES\ORCAD\LAYOUT_PLUS\library\TM_CYLND.llb
Sun Sep 23 18:48:08 Loaded file C:\PROGRAM FILES\ORCAD\LAYOUT_PLUS\library\TM_DIODE.llb
Sun Sep 23 18:48:08 Loaded file C:\PROGRAM FILES\ORCAD\LAYOUT_PLUS\library\TM_DISC.llb
Sun Sep 23 18:48:08 Loaded file C:\PROGRAM FILES\ORCAD\LAYOUT_PLUS\library\TM_RAD.llb
Sun Sep 23 18:48:08 Loaded file C:\PROGRAM FILES\ORCAD\LAYOUT_PLUS\library\TO.llb
Sun Sep 23 18:48:08 Loaded file C:\PROGRAM FILES\ORCAD\LAYOUT_PLUS\library\TRAINING.LLB
Sun Sep 23 18:48:08 Loaded file C:\PROGRAM FILES\ORCAD\LAYOUT_PLUS\library\VRES.llb
Sun Sep 23 18:48:08 Loaded file C:\PROGRAM FILES\ORCAD\LAYOUT_PLUS\library\WCON100T.llb
Sun Sep 23 18:48:08 Loaded file C:\PROGRAM FILES\ORCAD\LAYOUT_PLUS\library\XT.llb
Sun Sep 23 18:48:08 Loaded file C:\PROGRAM FILES\ORCAD\LAYOUT_PLUS\library\ZIGZAG.llb
Sun Sep 23 18:48:08 Loaded file C:\MEUS DOCUMENTOS\PROJETOS\ESCUTA\ESCUTA.MAX
Sun Sep 23 18:48:08 Saved as file C:\MEUS DOCUMENTOS\PROJETOS\ESCUTA\ESCUTA.MAX
Sun Sep 23 18:48:08 Loaded file C:\MEUS DOCUMENTOS\PROJETOS\ESCUTA\ESCUTA.MAX
Sun Sep 23 18:48:08 Loaded file C:\MEUS DOCUMENTOS\PROJETOS\ESCUTA\ESCUTA.MAX
Sun Sep 23 18:48:21 Loaded file C:\PROGRAM FILES\ORCAD\LAYOUT_PLUS\data\template.imp
Sun Sep 23 18:48:21 Loaded file C:\PROGRAM FILES\ORCAD\LAYOUT_PLUS\data\template.imp
Sun Sep 23 18:48:30 Loaded file C:\PROGRAM FILES\ORCAD\LAYOUT_PLUS\library\RELAY.llb
Sun Sep 23 18:48:38 Loaded file C:\PROGRAM FILES\ORCAD\LAYOUT_PLUS\data\template.imp
Sun Sep 23 18:49:16 Loaded file C:\PROGRAM FILES\ORCAD\LAYOUT_PLUS\data\template.imp
Sun Sep 23 18:49:17 Loaded file C:\PROGRAM FILES\ORCAD\LAYOUT_PLUS\data\template.imp
Sun Sep 23 18:49:18 Loaded file C:\PROGRAM FILES\ORCAD\LAYOUT_PLUS\data\template.imp
Sun Sep 23 18:49:19 Loaded file C:\PROGRAM FILES\ORCAD\LAYOUT_PLUS\data\template.imp
Sun Sep 23 18:49:19 Loaded file C:\PROGRAM FILES\ORCAD\LAYOUT_PLUS\data\template.imp
Sun Sep 23 18:49:19 Loaded file C:\PROGRAM FILES\ORCAD\LAYOUT_PLUS\data\template.imp
Sun Sep 23 18:49:20 Loaded file C:\PROGRAM FILES\ORCAD\LAYOUT_PLUS\data\template.imp
Sun Sep 23 18:49:20 Loaded file C:\PROGRAM FILES\ORCAD\LAYOUT_PLUS\data\template.imp
Sun Sep 23 18:49:20 Loaded file C:\PROGRAM FILES\ORCAD\LAYOUT_PLUS\data\template.imp
Sun Sep 23 18:49:21 Loaded file C:\PROGRAM FILES\ORCAD\LAYOUT_PLUS\data\template.imp
Sun Sep 23 18:49:22 Loaded file C:\PROGRAM FILES\ORCAD\LAYOUT_PLUS\data\template.imp
Sun Sep 23 18:49:22 Loaded file C:\PROGRAM FILES\ORCAD\LAYOUT_PLUS\data\template.imp
Sun Sep 23 18:49:23 Loaded file C:\PROGRAM FILES\ORCAD\LAYOUT_PLUS\data\template.imp
Sun Sep 23 18:49:24 Loaded file C:\PROGRAM FILES\ORCAD\LAYOUT_PLUS\data\template.imp
Sun Sep 23 18:49:24 Loaded file C:\PROGRAM FILES\ORCAD\LAYOUT_PLUS\data\template.imp
Sun Sep 23 18:49:27 Loaded file C:\PROGRAM FILES\ORCAD\LAYOUT_PLUS\data\template.imp
Sun Sep 23 18:49:27 Loaded file C:\PROGRAM FILES\ORCAD\LAYOUT_PLUS\data\template.imp
Sun Sep 23 18:49:28 Loaded file C:\PROGRAM FILES\ORCAD\LAYOUT_PLUS\data\template.imp
Sun Sep 23 18:49:29 Loaded file C:\PROGRAM FILES\ORCAD\LAYOUT_PLUS\data\template.imp
Sun Sep 23 18:49:30 Loaded file C:\PROGRAM FILES\ORCAD\LAYOUT_PLUS\data\template.imp
Sun Sep 23 18:49:51 Error code 5200.306
Sun Sep 23 18:49:51 Saved as file Backup0.max
Sun Sep 23 18:49:51 Windows which were open at time of error:
Sun Sep 23 18:49:51 	ActiveWindow: Library Manager
Sun Sep 23 18:49:51 	Icon: &Components
Sun Sep 23 18:49:51 	Icon: &Nets
Sun Sep 23 18:49:51 	Icon: Post Proces&s
Sun Sep 23 18:49:51 	Icon: &Route
Sun Sep 23 18:49:51 End-of-list
Sun Sep 23 18:49:51 Loaded file BACKUP0.MAX
Sun Sep 23 18:50:26 Loaded file C:\PROGRAM FILES\ORCAD\LAYOUT_PLUS\data\template.imp
Sun Sep 23 18:50:27 Loaded file C:\PROGRAM FILES\ORCAD\LAYOUT_PLUS\data\template.imp
Sun Sep 23 18:50:28 Loaded file C:\PROGRAM FILES\ORCAD\LAYOUT_PLUS\data\template.imp
Sun Sep 23 18:50:29 Loaded file C:\PROGRAM FILES\ORCAD\LAYOUT_PLUS\data\template.imp
Sun Sep 23 18:50:30 Loaded file C:\PROGRAM FILES\ORCAD\LAYOUT_PLUS\data\template.imp
Sun Sep 23 18:50:31 Loaded file C:\PROGRAM FILES\ORCAD\LAYOUT_PLUS\data\template.imp
Sun Sep 23 18:50:31 Loaded file C:\PROGRAM FILES\ORCAD\LAYOUT_PLUS\data\template.imp
Sun Sep 23 18:50:32 Loaded file C:\PROGRAM FILES\ORCAD\LAYOUT_PLUS\data\template.imp
Sun Sep 23 18:50:33 Loaded file C:\PROGRAM FILES\ORCAD\LAYOUT_PLUS\data\template.imp
Sun Sep 23 18:50:50 Loaded file C:\PROGRAM FILES\ORCAD\LAYOUT_PLUS\data\template.imp
Sun Sep 23 18:50:51 Loaded file C:\PROGRAM FILES\ORCAD\LAYOUT_PLUS\data\template.imp
Sun Sep 23 18:50:52 Loaded file C:\PROGRAM FILES\ORCAD\LAYOUT_PLUS\data\template.imp
Sun Sep 23 18:50:53 Loaded file C:\PROGRAM FILES\ORCAD\LAYOUT_PLUS\data\template.imp
Sun Sep 23 18:50:54 Loaded file C:\PROGRAM FILES\ORCAD\LAYOUT_PLUS\data\template.imp
Sun Sep 23 18:50:55 Loaded file C:\PROGRAM FILES\ORCAD\LAYOUT_PLUS\data\template.imp
Sun Sep 23 18:50:56 Loaded file C:\PROGRAM FILES\ORCAD\LAYOUT_PLUS\data\template.imp
Sun Sep 23 18:50:57 Loaded file C:\PROGRAM FILES\ORCAD\LAYOUT_PLUS\data\template.imp
Sun Sep 23 18:50:58 Loaded file C:\PROGRAM FILES\ORCAD\LAYOUT_PLUS\data\template.imp
Sun Sep 23 18:50:59 Loaded file C:\PROGRAM FILES\ORCAD\LAYOUT_PLUS\data\template.imp
Sun Sep 23 18:51:00 Loaded file C:\PROGRAM FILES\ORCAD\LAYOUT_PLUS\data\template.imp
Sun Sep 23 18:51:01 Loaded file C:\PROGRAM FILES\ORCAD\LAYOUT_PLUS\data\template.imp
Sun Sep 23 18:51:02 Loaded file C:\PROGRAM FILES\ORCAD\LAYOUT_PLUS\data\template.imp
Sun Sep 23 18:51:03 Loaded file C:\PROGRAM FILES\ORCAD\LAYOUT_PLUS\data\template.imp
Sun Sep 23 18:51:04 Loaded file C:\PROGRAM FILES\ORCAD\LAYOUT_PLUS\data\template.imp
Sun Sep 23 18:54:32 Loaded file C:\PROGRAM FILES\ORCAD\LAYOUT_PLUS\data\template.imp
Sun Sep 23 18:54:58 Loaded file C:\PROGRAM FILES\ORCAD\LAYOUT_PLUS\data\template.met
Sun Sep 23 18:58:59 Loaded file C:\PROGRAM FILES\ORCAD\LAYOUT_PLUS\data\template.imp
Sun Sep 23 18:59:52 Saved as file BACKUP1.MAX
Sun Sep 23 19:01:59 Loaded file C:\PROGRAM FILES\ORCAD\LAYOUT_PLUS\library\RELAY.llb
Sun Sep 23 19:01:59 Saved as file C:\PROGRAM FILES\ORCAD\LAYOUT_PLUS\library\RELAY.llb
Sun Sep 23 19:06:13 Loaded file C:\PROGRAM FILES\ORCAD\LAYOUT_PLUS\data\template.met
Sun Sep 23 19:09:52 Saved as file BACKUP1.MAX
Sun Sep 23 19:19:53 Saved as file BACKUP1.MAX
Sun Sep 23 19:29:54 Saved as file BACKUP1.MAX
Sun Sep 23 19:39:54 Saved as file BACKUP1.MAX
Sun Sep 23 19:49:55 Saved as file BACKUP1.MAX
Sun Sep 23 19:59:55 Saved as file BACKUP1.MAX
Sun Sep 23 20:09:56 Saved as file BACKUP1.MAX
Wed Sep 26 22:01:04 Saved as file C:\MEUS DOCUMENTOS\PROJETOS\ESCUTA\ESCUTA.MAX
Wed Sep 26 22:01:04 Saved as file BACKUP1.MAX
Wed Sep 26 22:01:04 Saved as file C:\MEUS DOCUMENTOS\PROJETOS\ESCUTA\ESCUTA.MAX
Wed Sep 26 22:01:04 UserDiv from Layout.INI for AutoECO: 60
Wed Sep 26 22:01:04 Loaded file C:\MEUS DOCUMENTOS\PROJETOS\ESCUTA\ESCUTA.MAX
Wed Sep 26 22:01:05 Loaded file C:\MEUS DOCUMENTOS\PROJETOS\TEMPLATE\BLIBIO~1.LLB
Wed Sep 26 22:01:06 Loaded file C:\PROGRAM FILES\ORCAD\LAYOUT_PLUS\library\BCON100T.llb
Wed Sep 26 22:01:06 Loaded file C:\PROGRAM FILES\ORCAD\LAYOUT_PLUS\library\BCON156T.llb
Wed Sep 26 22:01:08 Loaded file C:\PROGRAM FILES\ORCAD\LAYOUT_PLUS\library\BGA.llb
Wed Sep 26 22:01:08 Loaded file C:\PROGRAM FILES\ORCAD\LAYOUT_PLUS\library\CLCC.llb
Wed Sep 26 22:01:08 Loaded file C:\PROGRAM FILES\ORCAD\LAYOUT_PLUS\library\DCON050T.llb
Wed Sep 26 22:01:08 Loaded file C:\PROGRAM FILES\ORCAD\LAYOUT_PLUS\library\DCON085T.llb
Wed Sep 26 22:01:08 Loaded file C:\PROGRAM FILES\ORCAD\LAYOUT_PLUS\library\DIMM050F.llb
Wed Sep 26 22:01:08 Loaded file C:\PROGRAM FILES\ORCAD\LAYOUT_PLUS\library\DIMM050T.llb
Wed Sep 26 22:01:08 Loaded file C:\PROGRAM FILES\ORCAD\LAYOUT_PLUS\library\DIN.llb
Wed Sep 26 22:01:08 Loaded file C:\PROGRAM FILES\ORCAD\LAYOUT_PLUS\library\DIP100B.llb
Wed Sep 26 22:01:08 Loaded file C:\PROGRAM FILES\ORCAD\LAYOUT_PLUS\library\DIP100T.llb
Wed Sep 26 22:01:08 Loaded file C:\PROGRAM FILES\ORCAD\LAYOUT_PLUS\library\DSUBT.llb
Wed Sep 26 22:01:08 Loaded file C:\PROGRAM FILES\ORCAD\LAYOUT_PLUS\library\DSUBT_HD.LLB
Wed Sep 26 22:01:08 Loaded file C:\PROGRAM FILES\ORCAD\LAYOUT_PLUS\library\ECON100T.llb
Wed Sep 26 22:01:08 Loaded file C:\PROGRAM FILES\ORCAD\LAYOUT_PLUS\library\FBUS.llb
Wed Sep 26 22:01:08 Loaded file C:\PROGRAM FILES\ORCAD\LAYOUT_PLUS\library\ISA.llb
Wed Sep 26 22:01:08 Loaded file C:\PROGRAM FILES\ORCAD\LAYOUT_PLUS\library\JUMPER.LLB
Wed Sep 26 22:01:08 Loaded file C:\PROGRAM FILES\ORCAD\LAYOUT_PLUS\library\LAYOUT.llb
Wed Sep 26 22:01:08 Loaded file C:\PROGRAM FILES\ORCAD\LAYOUT_PLUS\library\LCON100T.llb
Wed Sep 26 22:01:08 Loaded file C:\PROGRAM FILES\ORCAD\LAYOUT_PLUS\library\PC104.llb
Wed Sep 26 22:01:08 Loaded file C:\PROGRAM FILES\ORCAD\LAYOUT_PLUS\library\PCI.llb
Wed Sep 26 22:01:08 Loaded file C:\PROGRAM FILES\ORCAD\LAYOUT_PLUS\library\PCON100T.llb
Wed Sep 26 22:01:08 Loaded file C:\PROGRAM FILES\ORCAD\LAYOUT_PLUS\library\PCON156T.llb
Wed Sep 26 22:01:09 Loaded file C:\PROGRAM FILES\ORCAD\LAYOUT_PLUS\library\PGA.llb
Wed Sep 26 22:01:09 Loaded file C:\PROGRAM FILES\ORCAD\LAYOUT_PLUS\library\PLCC.llb
Wed Sep 26 22:01:09 Loaded file C:\PROGRAM FILES\ORCAD\LAYOUT_PLUS\library\QUAD.llb
Wed Sep 26 22:01:09 Loaded file C:\PROGRAM FILES\ORCAD\LAYOUT_PLUS\library\QUADB.llb
Wed Sep 26 22:01:09 Loaded file C:\PROGRAM FILES\ORCAD\LAYOUT_PLUS\library\RELAY.llb
Wed Sep 26 22:01:09 Loaded file C:\PROGRAM FILES\ORCAD\LAYOUT_PLUS\library\RF.llb
Wed Sep 26 22:01:09 Loaded file C:\PROGRAM FILES\ORCAD\LAYOUT_PLUS\library\SBUS.llb
Wed Sep 26 22:01:09 Loaded file C:\PROGRAM FILES\ORCAD\LAYOUT_PLUS\library\SIMM050F.llb
Wed Sep 26 22:01:09 Loaded file C:\PROGRAM FILES\ORCAD\LAYOUT_PLUS\library\SIMM050T.llb
Wed Sep 26 22:01:09 Loaded file C:\PROGRAM FILES\ORCAD\LAYOUT_PLUS\library\SIMM100F.llb
Wed Sep 26 22:01:09 Loaded file C:\PROGRAM FILES\ORCAD\LAYOUT_PLUS\library\SIMM100T.llb
Wed Sep 26 22:01:09 Loaded file C:\PROGRAM FILES\ORCAD\LAYOUT_PLUS\library\SIP.llb
Wed Sep 26 22:01:09 Loaded file C:\PROGRAM FILES\ORCAD\LAYOUT_PLUS\library\SM.llb
Wed Sep 26 22:01:10 Loaded file C:\PROGRAM FILES\ORCAD\LAYOUT_PLUS\library\SOG.llb
Wed Sep 26 22:01:10 Loaded file C:\PROGRAM FILES\ORCAD\LAYOUT_PLUS\library\SOJ.llb
Wed Sep 26 22:01:10 Loaded file C:\PROGRAM FILES\ORCAD\LAYOUT_PLUS\library\STIFF.llb
Wed Sep 26 22:01:10 Loaded file C:\PROGRAM FILES\ORCAD\LAYOUT_PLUS\library\TELE.llb
Wed Sep 26 22:01:10 Loaded file C:\PROGRAM FILES\ORCAD\LAYOUT_PLUS\library\TM_AXIAL.llb
Wed Sep 26 22:01:10 Loaded file C:\PROGRAM FILES\ORCAD\LAYOUT_PLUS\library\TM_CAP_P.llb
Wed Sep 26 22:01:10 Loaded file C:\PROGRAM FILES\ORCAD\LAYOUT_PLUS\library\TM_CYLND.llb
Wed Sep 26 22:01:10 Loaded file C:\PROGRAM FILES\ORCAD\LAYOUT_PLUS\library\TM_DIODE.llb
Wed Sep 26 22:01:10 Loaded file C:\PROGRAM FILES\ORCAD\LAYOUT_PLUS\library\TM_DISC.llb
Wed Sep 26 22:01:10 Loaded file C:\PROGRAM FILES\ORCAD\LAYOUT_PLUS\library\TM_RAD.llb
Wed Sep 26 22:01:10 Loaded file C:\PROGRAM FILES\ORCAD\LAYOUT_PLUS\library\TO.llb
Wed Sep 26 22:01:10 Loaded file C:\PROGRAM FILES\ORCAD\LAYOUT_PLUS\library\TRAINING.LLB
Wed Sep 26 22:01:10 Loaded file C:\PROGRAM FILES\ORCAD\LAYOUT_PLUS\library\VRES.llb
Wed Sep 26 22:01:11 Loaded file C:\PROGRAM FILES\ORCAD\LAYOUT_PLUS\library\WCON100T.llb
Wed Sep 26 22:01:11 Loaded file C:\PROGRAM FILES\ORCAD\LAYOUT_PLUS\library\XT.llb
Wed Sep 26 22:01:11 Loaded file C:\PROGRAM FILES\ORCAD\LAYOUT_PLUS\library\ZIGZAG.llb
Wed Sep 26 22:01:11 Loaded file C:\MEUS DOCUMENTOS\PROJETOS\TEMPLATE\BLIBIO~1.LLB
Wed Sep 26 22:01:11 Loaded file C:\PROGRAM FILES\ORCAD\LAYOUT_PLUS\library\TM_AXIAL.llb
Wed Sep 26 22:01:11 Loaded file C:\MEUS DOCUMENTOS\PROJETOS\TEMPLATE\BLIBIO~1.LLB
Wed Sep 26 22:01:11 Loaded file C:\MEUS DOCUMENTOS\PROJETOS\TEMPLATE\BLIBIO~1.LLB
Wed Sep 26 22:01:11 Loaded file C:\MEUS DOCUMENTOS\PROJETOS\TEMPLATE\BLIBIO~1.LLB
Wed Sep 26 22:01:11 Loaded file C:\MEUS DOCUMENTOS\PROJETOS\TEMPLATE\BLIBIO~1.LLB
Wed Sep 26 22:01:12 Loaded file C:\PROGRAM FILES\ORCAD\LAYOUT_PLUS\library\RELAY.llb
Wed Sep 26 22:01:33 Loaded file C:\MEUS DOCUMENTOS\PROJETOS\ESCUTA\ESCUTA.MAX
Wed Sep 26 22:01:33 Saved as file C:\MEUS DOCUMENTOS\PROJETOS\ESCUTA\ESCUTA.MAX
Wed Sep 26 22:01:33 Loaded file C:\MEUS DOCUMENTOS\PROJETOS\ESCUTA\ESCUTA.MAX
Thu Sep 27 18:17:46 Saved as file C:\MEUS DOCUMENTOS\PROJETOS\ESCUTA\ESCUTA.MAX
Thu Sep 27 18:17:46 Saved as file BACKUP1.MAX
Thu Sep 27 18:17:47 Saved as file C:\MEUS DOCUMENTOS\PROJETOS\ESCUTA\ESCUTA.MAX
Thu Sep 27 18:17:47 UserDiv from Layout.INI for AutoECO: 60
Thu Sep 27 18:17:48 Loaded file C:\MEUS DOCUMENTOS\PROJETOS\ESCUTA\ESCUTA.MAX
Thu Sep 27 18:17:48 Loaded file C:\MEUS DOCUMENTOS\PROJETOS\TEMPLATE\BLIBIO~1.LLB
Thu Sep 27 18:17:48 Loaded file C:\PROGRAM FILES\ORCAD\LAYOUT_PLUS\library\BCON100T.llb
Thu Sep 27 18:17:48 Loaded file C:\PROGRAM FILES\ORCAD\LAYOUT_PLUS\library\BCON156T.llb
Thu Sep 27 18:17:49 Loaded file C:\PROGRAM FILES\ORCAD\LAYOUT_PLUS\library\BGA.llb
Thu Sep 27 18:17:49 Loaded file C:\PROGRAM FILES\ORCAD\LAYOUT_PLUS\library\CLCC.llb
Thu Sep 27 18:17:49 Loaded file C:\PROGRAM FILES\ORCAD\LAYOUT_PLUS\library\DCON050T.llb
Thu Sep 27 18:17:49 Loaded file C:\PROGRAM FILES\ORCAD\LAYOUT_PLUS\library\DCON085T.llb
Thu Sep 27 18:17:49 Loaded file C:\PROGRAM FILES\ORCAD\LAYOUT_PLUS\library\DIMM050F.llb
Thu Sep 27 18:17:49 Loaded file C:\PROGRAM FILES\ORCAD\LAYOUT_PLUS\library\DIMM050T.llb
Thu Sep 27 18:17:49 Loaded file C:\PROGRAM FILES\ORCAD\LAYOUT_PLUS\library\DIN.llb
Thu Sep 27 18:17:49 Loaded file C:\PROGRAM FILES\ORCAD\LAYOUT_PLUS\library\DIP100B.llb
Thu Sep 27 18:17:49 Loaded file C:\PROGRAM FILES\ORCAD\LAYOUT_PLUS\library\DIP100T.llb
Thu Sep 27 18:17:49 Loaded file C:\PROGRAM FILES\ORCAD\LAYOUT_PLUS\library\DSUBT.llb
Thu Sep 27 18:17:49 Loaded file C:\PROGRAM FILES\ORCAD\LAYOUT_PLUS\library\DSUBT_HD.LLB
Thu Sep 27 18:17:49 Loaded file C:\PROGRAM FILES\ORCAD\LAYOUT_PLUS\library\ECON100T.llb
Thu Sep 27 18:17:49 Loaded file C:\PROGRAM FILES\ORCAD\LAYOUT_PLUS\library\FBUS.llb
Thu Sep 27 18:17:49 Loaded file C:\PROGRAM FILES\ORCAD\LAYOUT_PLUS\library\ISA.llb
Thu Sep 27 18:17:49 Loaded file C:\PROGRAM FILES\ORCAD\LAYOUT_PLUS\library\JUMPER.LLB
Thu Sep 27 18:17:49 Loaded file C:\PROGRAM FILES\ORCAD\LAYOUT_PLUS\library\LAYOUT.llb
Thu Sep 27 18:17:49 Loaded file C:\PROGRAM FILES\ORCAD\LAYOUT_PLUS\library\LCON100T.llb
Thu Sep 27 18:17:49 Loaded file C:\PROGRAM FILES\ORCAD\LAYOUT_PLUS\library\PC104.llb
Thu Sep 27 18:17:49 Loaded file C:\PROGRAM FILES\ORCAD\LAYOUT_PLUS\library\PCI.llb
Thu Sep 27 18:17:49 Loaded file C:\PROGRAM FILES\ORCAD\LAYOUT_PLUS\library\PCON100T.llb
Thu Sep 27 18:17:49 Loaded file C:\PROGRAM FILES\ORCAD\LAYOUT_PLUS\library\PCON156T.llb
Thu Sep 27 18:17:49 Loaded file C:\PROGRAM FILES\ORCAD\LAYOUT_PLUS\library\PGA.llb
Thu Sep 27 18:17:50 Loaded file C:\PROGRAM FILES\ORCAD\LAYOUT_PLUS\library\PLCC.llb
Thu Sep 27 18:17:50 Loaded file C:\PROGRAM FILES\ORCAD\LAYOUT_PLUS\library\QUAD.llb
Thu Sep 27 18:17:50 Loaded file C:\PROGRAM FILES\ORCAD\LAYOUT_PLUS\library\QUADB.llb
Thu Sep 27 18:17:50 Loaded file C:\PROGRAM FILES\ORCAD\LAYOUT_PLUS\library\RELAY.llb
Thu Sep 27 18:17:50 Loaded file C:\PROGRAM FILES\ORCAD\LAYOUT_PLUS\library\RF.llb
Thu Sep 27 18:17:50 Loaded file C:\PROGRAM FILES\ORCAD\LAYOUT_PLUS\library\SBUS.llb
Thu Sep 27 18:17:50 Loaded file C:\PROGRAM FILES\ORCAD\LAYOUT_PLUS\library\SIMM050F.llb
Thu Sep 27 18:17:50 Loaded file C:\PROGRAM FILES\ORCAD\LAYOUT_PLUS\library\SIMM050T.llb
Thu Sep 27 18:17:50 Loaded file C:\PROGRAM FILES\ORCAD\LAYOUT_PLUS\library\SIMM100F.llb
Thu Sep 27 18:17:50 Loaded file C:\PROGRAM FILES\ORCAD\LAYOUT_PLUS\library\SIMM100T.llb
Thu Sep 27 18:17:50 Loaded file C:\PROGRAM FILES\ORCAD\LAYOUT_PLUS\library\SIP.llb
Thu Sep 27 18:17:50 Loaded file C:\PROGRAM FILES\ORCAD\LAYOUT_PLUS\library\SM.llb
Thu Sep 27 18:17:50 Loaded file C:\PROGRAM FILES\ORCAD\LAYOUT_PLUS\library\SOG.llb
Thu Sep 27 18:17:51 Loaded file C:\PROGRAM FILES\ORCAD\LAYOUT_PLUS\library\SOJ.llb
Thu Sep 27 18:17:51 Loaded file C:\PROGRAM FILES\ORCAD\LAYOUT_PLUS\library\STIFF.llb
Thu Sep 27 18:17:51 Loaded file C:\PROGRAM FILES\ORCAD\LAYOUT_PLUS\library\TELE.llb
Thu Sep 27 18:17:51 Loaded file C:\PROGRAM FILES\ORCAD\LAYOUT_PLUS\library\TM_AXIAL.llb
Thu Sep 27 18:17:51 Loaded file C:\PROGRAM FILES\ORCAD\LAYOUT_PLUS\library\TM_CAP_P.llb
Thu Sep 27 18:17:51 Loaded file C:\PROGRAM FILES\ORCAD\LAYOUT_PLUS\library\TM_CYLND.llb
Thu Sep 27 18:17:51 Loaded file C:\PROGRAM FILES\ORCAD\LAYOUT_PLUS\library\TM_DIODE.llb
Thu Sep 27 18:17:51 Loaded file C:\PROGRAM FILES\ORCAD\LAYOUT_PLUS\library\TM_DISC.llb
Thu Sep 27 18:17:51 Loaded file C:\PROGRAM FILES\ORCAD\LAYOUT_PLUS\library\TM_RAD.llb
Thu Sep 27 18:17:51 Loaded file C:\PROGRAM FILES\ORCAD\LAYOUT_PLUS\library\TO.llb
Thu Sep 27 18:17:51 Loaded file C:\PROGRAM FILES\ORCAD\LAYOUT_PLUS\library\TRAINING.LLB
Thu Sep 27 18:17:51 Loaded file C:\PROGRAM FILES\ORCAD\LAYOUT_PLUS\library\VRES.llb
Thu Sep 27 18:17:51 Loaded file C:\PROGRAM FILES\ORCAD\LAYOUT_PLUS\library\WCON100T.llb
Thu Sep 27 18:17:51 Loaded file C:\PROGRAM FILES\ORCAD\LAYOUT_PLUS\library\XT.llb
Thu Sep 27 18:17:51 Loaded file C:\PROGRAM FILES\ORCAD\LAYOUT_PLUS\library\ZIGZAG.llb
Thu Sep 27 18:17:52 Loaded file C:\MEUS DOCUMENTOS\PROJETOS\TEMPLATE\BLIBIO~1.LLB
Thu Sep 27 18:17:52 Loaded file C:\PROGRAM FILES\ORCAD\LAYOUT_PLUS\library\TM_AXIAL.llb
Thu Sep 27 18:17:52 Loaded file C:\MEUS DOCUMENTOS\PROJETOS\TEMPLATE\BLIBIO~1.LLB
Thu Sep 27 18:17:52 Loaded file C:\MEUS DOCUMENTOS\PROJETOS\TEMPLATE\BLIBIO~1.LLB
Thu Sep 27 18:17:52 Loaded file C:\MEUS DOCUMENTOS\PROJETOS\TEMPLATE\BLIBIO~1.LLB
Thu Sep 27 18:17:52 Loaded file C:\MEUS DOCUMENTOS\PROJETOS\TEMPLATE\BLIBIO~1.LLB
Thu Sep 27 18:18:10 Loaded file C:\PROGRAM FILES\ORCAD\LAYOUT_PLUS\data\template.imp
Thu Sep 27 18:18:11 Loaded file C:\PROGRAM FILES\ORCAD\LAYOUT_PLUS\data\template.imp
Thu Sep 27 18:18:12 Loaded file C:\PROGRAM FILES\ORCAD\LAYOUT_PLUS\library\BCON100T.llb
Thu Sep 27 18:18:13 Loaded file C:\MEUS DOCUMENTOS\PROJETOS\TEMPLATE\BLIBIO~1.LLB
Thu Sep 27 18:18:20 Loaded file C:\PROGRAM FILES\ORCAD\LAYOUT_PLUS\data\template.imp
Thu Sep 27 18:18:21 Loaded file C:\MEUS DOCUMENTOS\PROJETOS\TEMPLATE\BLIBIO~1.LLB
Thu Sep 27 18:18:21 Saved as file C:\MEUS DOCUMENTOS\PROJETOS\ESCUTA\ESCUTA.MAX
Thu Sep 27 18:18:21 Loaded file C:\MEUS DOCUMENTOS\PROJETOS\ESCUTA\ESCUTA.MAX
Thu Sep 27 18:21:36 Saved as file C:\MEUS DOCUMENTOS\PROJETOS\ESCUTA\ESCUTA.MAX
Thu Sep 27 18:21:36 Saved as file BACKUP1.MAX
Thu Sep 27 18:21:36 Saved as file C:\MEUS DOCUMENTOS\PROJETOS\ESCUTA\ESCUTA.MAX
Thu Sep 27 18:21:37 UserDiv from Layout.INI for AutoECO: 60
Thu Sep 27 18:21:37 Loaded file C:\MEUS DOCUMENTOS\PROJETOS\ESCUTA\ESCUTA.MAX
Thu Sep 27 18:21:37 Loaded file C:\MEUS DOCUMENTOS\PROJETOS\TEMPLATE\BLIBIO~1.LLB
Thu Sep 27 18:21:37 Loaded file C:\PROGRAM FILES\ORCAD\LAYOUT_PLUS\library\BCON100T.llb
Thu Sep 27 18:21:37 Loaded file C:\PROGRAM FILES\ORCAD\LAYOUT_PLUS\library\BCON156T.llb
Thu Sep 27 18:21:37 Loaded file C:\PROGRAM FILES\ORCAD\LAYOUT_PLUS\library\BGA.llb
Thu Sep 27 18:21:37 Loaded file C:\PROGRAM FILES\ORCAD\LAYOUT_PLUS\library\CLCC.llb
Thu Sep 27 18:21:37 Loaded file C:\PROGRAM FILES\ORCAD\LAYOUT_PLUS\library\DCON050T.llb
Thu Sep 27 18:21:37 Loaded file C:\PROGRAM FILES\ORCAD\LAYOUT_PLUS\library\DCON085T.llb
Thu Sep 27 18:21:37 Loaded file C:\PROGRAM FILES\ORCAD\LAYOUT_PLUS\library\DIMM050F.llb
Thu Sep 27 18:21:37 Loaded file C:\PROGRAM FILES\ORCAD\LAYOUT_PLUS\library\DIMM050T.llb
Thu Sep 27 18:21:37 Loaded file C:\PROGRAM FILES\ORCAD\LAYOUT_PLUS\library\DIN.llb
Thu Sep 27 18:21:37 Loaded file C:\PROGRAM FILES\ORCAD\LAYOUT_PLUS\library\DIP100B.llb
Thu Sep 27 18:21:37 Loaded file C:\PROGRAM FILES\ORCAD\LAYOUT_PLUS\library\DIP100T.llb
Thu Sep 27 18:21:37 Loaded file C:\PROGRAM FILES\ORCAD\LAYOUT_PLUS\library\DSUBT.llb
Thu Sep 27 18:21:37 Loaded file C:\PROGRAM FILES\ORCAD\LAYOUT_PLUS\library\DSUBT_HD.LLB
Thu Sep 27 18:21:37 Loaded file C:\PROGRAM FILES\ORCAD\LAYOUT_PLUS\library\ECON100T.llb
Thu Sep 27 18:21:38 Loaded file C:\PROGRAM FILES\ORCAD\LAYOUT_PLUS\library\FBUS.llb
Thu Sep 27 18:21:38 Loaded file C:\PROGRAM FILES\ORCAD\LAYOUT_PLUS\library\ISA.llb
Thu Sep 27 18:21:38 Loaded file C:\PROGRAM FILES\ORCAD\LAYOUT_PLUS\library\JUMPER.LLB
Thu Sep 27 18:21:38 Loaded file C:\PROGRAM FILES\ORCAD\LAYOUT_PLUS\library\LAYOUT.llb
Thu Sep 27 18:21:38 Loaded file C:\PROGRAM FILES\ORCAD\LAYOUT_PLUS\library\LCON100T.llb
Thu Sep 27 18:21:38 Loaded file C:\PROGRAM FILES\ORCAD\LAYOUT_PLUS\library\PC104.llb
Thu Sep 27 18:21:38 Loaded file C:\PROGRAM FILES\ORCAD\LAYOUT_PLUS\library\PCI.llb
Thu Sep 27 18:21:38 Loaded file C:\PROGRAM FILES\ORCAD\LAYOUT_PLUS\library\PCON100T.llb
Thu Sep 27 18:21:38 Loaded file C:\PROGRAM FILES\ORCAD\LAYOUT_PLUS\library\PCON156T.llb
Thu Sep 27 18:21:38 Loaded file C:\PROGRAM FILES\ORCAD\LAYOUT_PLUS\library\PGA.llb
Thu Sep 27 18:21:38 Loaded file C:\PROGRAM FILES\ORCAD\LAYOUT_PLUS\library\PLCC.llb
Thu Sep 27 18:21:38 Loaded file C:\PROGRAM FILES\ORCAD\LAYOUT_PLUS\library\QUAD.llb
Thu Sep 27 18:21:38 Loaded file C:\PROGRAM FILES\ORCAD\LAYOUT_PLUS\library\QUADB.llb
Thu Sep 27 18:21:38 Loaded file C:\PROGRAM FILES\ORCAD\LAYOUT_PLUS\library\RELAY.llb
Thu Sep 27 18:21:38 Loaded file C:\PROGRAM FILES\ORCAD\LAYOUT_PLUS\library\RF.llb
Thu Sep 27 18:21:38 Loaded file C:\PROGRAM FILES\ORCAD\LAYOUT_PLUS\library\SBUS.llb
Thu Sep 27 18:21:38 Loaded file C:\PROGRAM FILES\ORCAD\LAYOUT_PLUS\library\SIMM050F.llb
Thu Sep 27 18:21:38 Loaded file C:\PROGRAM FILES\ORCAD\LAYOUT_PLUS\library\SIMM050T.llb
Thu Sep 27 18:21:38 Loaded file C:\PROGRAM FILES\ORCAD\LAYOUT_PLUS\library\SIMM100F.llb
Thu Sep 27 18:21:38 Loaded file C:\PROGRAM FILES\ORCAD\LAYOUT_PLUS\library\SIMM100T.llb
Thu Sep 27 18:21:38 Loaded file C:\PROGRAM FILES\ORCAD\LAYOUT_PLUS\library\SIP.llb
Thu Sep 27 18:21:38 Loaded file C:\PROGRAM FILES\ORCAD\LAYOUT_PLUS\library\SM.llb
Thu Sep 27 18:21:38 Loaded file C:\PROGRAM FILES\ORCAD\LAYOUT_PLUS\library\SOG.llb
Thu Sep 27 18:21:38 Loaded file C:\PROGRAM FILES\ORCAD\LAYOUT_PLUS\library\SOJ.llb
Thu Sep 27 18:21:38 Loaded file C:\PROGRAM FILES\ORCAD\LAYOUT_PLUS\library\STIFF.llb
Thu Sep 27 18:21:38 Loaded file C:\PROGRAM FILES\ORCAD\LAYOUT_PLUS\library\TELE.llb
Thu Sep 27 18:21:39 Loaded file C:\PROGRAM FILES\ORCAD\LAYOUT_PLUS\library\TM_AXIAL.llb
Thu Sep 27 18:21:39 Loaded file C:\PROGRAM FILES\ORCAD\LAYOUT_PLUS\library\TM_CAP_P.llb
Thu Sep 27 18:21:39 Loaded file C:\PROGRAM FILES\ORCAD\LAYOUT_PLUS\library\TM_CYLND.llb
Thu Sep 27 18:21:39 Loaded file C:\PROGRAM FILES\ORCAD\LAYOUT_PLUS\library\TM_DIODE.llb
Thu Sep 27 18:21:39 Loaded file C:\PROGRAM FILES\ORCAD\LAYOUT_PLUS\library\TM_DISC.llb
Thu Sep 27 18:21:39 Loaded file C:\PROGRAM FILES\ORCAD\LAYOUT_PLUS\library\TM_RAD.llb
Thu Sep 27 18:21:39 Loaded file C:\PROGRAM FILES\ORCAD\LAYOUT_PLUS\library\TO.llb
Thu Sep 27 18:21:39 Loaded file C:\PROGRAM FILES\ORCAD\LAYOUT_PLUS\library\TRAINING.LLB
Thu Sep 27 18:21:39 Loaded file C:\PROGRAM FILES\ORCAD\LAYOUT_PLUS\library\VRES.llb
Thu Sep 27 18:21:39 Loaded file C:\PROGRAM FILES\ORCAD\LAYOUT_PLUS\library\WCON100T.llb
Thu Sep 27 18:21:39 Loaded file C:\PROGRAM FILES\ORCAD\LAYOUT_PLUS\library\XT.llb
Thu Sep 27 18:21:39 Loaded file C:\PROGRAM FILES\ORCAD\LAYOUT_PLUS\library\ZIGZAG.llb
Thu Sep 27 18:21:39 Loaded file C:\MEUS DOCUMENTOS\PROJETOS\TEMPLATE\BLIBIO~1.LLB
Thu Sep 27 18:21:39 Loaded file C:\PROGRAM FILES\ORCAD\LAYOUT_PLUS\library\TM_AXIAL.llb
Thu Sep 27 18:21:39 Loaded file C:\MEUS DOCUMENTOS\PROJETOS\TEMPLATE\BLIBIO~1.LLB
Thu Sep 27 18:21:39 Loaded file C:\MEUS DOCUMENTOS\PROJETOS\TEMPLATE\BLIBIO~1.LLB
Thu Sep 27 18:21:39 Loaded file C:\MEUS DOCUMENTOS\PROJETOS\TEMPLATE\BLIBIO~1.LLB
Thu Sep 27 18:21:40 Loaded file C:\MEUS DOCUMENTOS\PROJETOS\TEMPLATE\BLIBIO~1.LLB
Thu Sep 27 18:21:40 Loaded file C:\MEUS DOCUMENTOS\PROJETOS\TEMPLATE\BLIBIO~1.LLB
Thu Sep 27 18:21:40 Saved as file C:\MEUS DOCUMENTOS\PROJETOS\ESCUTA\ESCUTA.MAX
Thu Sep 27 18:21:40 Loaded file C:\MEUS DOCUMENTOS\PROJETOS\ESCUTA\ESCUTA.MAX
Thu Sep 27 18:23:44 Saved as file C:\MEUS DOCUMENTOS\PROJETOS\ESCUTA\ESCUTA.MAX
Thu Sep 27 18:31:56 Saved as file BACKUP1.MAX
Thu Sep 27 18:41:56 Saved as file BACKUP1.MAX
Thu Sep 27 18:51:57 Saved as file BACKUP1.MAX
Thu Sep 27 18:52:05 Loaded file C:\PROGRAM FILES\ORCAD\LAYOUT_PLUS\data\template.imp
Thu Sep 27 18:52:05 Loaded file C:\PROGRAM FILES\ORCAD\LAYOUT_PLUS\data\template.imp
Thu Sep 27 18:52:05 Loaded file C:\PROGRAM FILES\ORCAD\LAYOUT_PLUS\data\template.imp
Thu Sep 27 18:52:05 Loaded file C:\PROGRAM FILES\ORCAD\LAYOUT_PLUS\data\template.imp
Thu Sep 27 18:52:07 Loaded file C:\MEUS DOCUMENTOS\PROJETOS\TEMPLATE\BLIBIO~1.LLB
Thu Sep 27 18:52:09 Loaded file C:\PROGRAM FILES\ORCAD\LAYOUT_PLUS\data\template.imp
Thu Sep 27 18:52:11 Loaded file C:\PROGRAM FILES\ORCAD\LAYOUT_PLUS\data\template.imp
Thu Sep 27 18:52:13 Loaded file C:\PROGRAM FILES\ORCAD\LAYOUT_PLUS\data\template.imp
Thu Sep 27 18:52:25 Loaded file C:\PROGRAM FILES\ORCAD\LAYOUT_PLUS\data\template.imp
Thu Sep 27 18:52:25 Loaded file C:\PROGRAM FILES\ORCAD\LAYOUT_PLUS\data\template.imp
Thu Sep 27 18:52:25 Loaded file C:\PROGRAM FILES\ORCAD\LAYOUT_PLUS\data\template.imp
Thu Sep 27 18:52:25 Loaded file C:\PROGRAM FILES\ORCAD\LAYOUT_PLUS\data\template.imp
Thu Sep 27 18:52:28 Loaded file C:\PROGRAM FILES\ORCAD\LAYOUT_PLUS\data\template.imp
Thu Sep 27 18:52:56 Loaded file C:\PROGRAM FILES\ORCAD\LAYOUT_PLUS\data\template.imp
Thu Sep 27 18:52:56 Loaded file C:\PROGRAM FILES\ORCAD\LAYOUT_PLUS\data\template.imp
Thu Sep 27 18:52:58 Loaded file C:\MEUS DOCUMENTOS\PROJETOS\TEMPLATE\BLIBIO~1.LLB
Thu Sep 27 18:53:01 Loaded file C:\PROGRAM FILES\ORCAD\LAYOUT_PLUS\library\RELAY.llb
Thu Sep 27 18:53:03 Loaded file C:\PROGRAM FILES\ORCAD\LAYOUT_PLUS\data\template.imp
Thu Sep 27 18:53:04 Loaded file C:\PROGRAM FILES\ORCAD\LAYOUT_PLUS\data\template.imp
Thu Sep 27 18:53:05 Loaded file C:\PROGRAM FILES\ORCAD\LAYOUT_PLUS\data\template.imp
Thu Sep 27 18:53:07 Loaded file C:\PROGRAM FILES\ORCAD\LAYOUT_PLUS\data\template.imp
Thu Sep 27 18:53:09 Loaded file C:\PROGRAM FILES\ORCAD\LAYOUT_PLUS\data\template.imp
Thu Sep 27 18:53:17 Loaded file C:\MEUS DOCUMENTOS\PROJETOS\TEMPLATE\BLIBIO~1.LLB
Thu Sep 27 18:53:26 Loaded file C:\PROGRAM FILES\ORCAD\LAYOUT_PLUS\data\template.imp
Thu Sep 27 18:57:03 Loaded file C:\PROGRAM FILES\ORCAD\LAYOUT_PLUS\data\template.imp
Thu Sep 27 18:57:03 Loaded file C:\PROGRAM FILES\ORCAD\LAYOUT_PLUS\data\template.imp
Thu Sep 27 18:57:05 Loaded file C:\MEUS DOCUMENTOS\PROJETOS\TEMPLATE\BLIBIO~1.LLB
Thu Sep 27 18:57:09 Loaded file C:\PROGRAM FILES\ORCAD\LAYOUT_PLUS\data\template.imp
Thu Sep 27 18:57:11 Loaded file C:\PROGRAM FILES\ORCAD\LAYOUT_PLUS\data\template.imp
Thu Sep 27 18:58:07 Loaded file C:\MEUS DOCUMENTOS\PROJETOS\TEMPLATE\BLIBIO~1.LLB
Thu Sep 27 18:58:07 Saved as file C:\MEUS DOCUMENTOS\PROJETOS\TEMPLATE\BLIBIO~1.LLB
Thu Sep 27 18:58:14 Loaded file C:\PROGRAM FILES\ORCAD\LAYOUT_PLUS\data\template.imp
Thu Sep 27 18:58:14 Loaded file C:\PROGRAM FILES\ORCAD\LAYOUT_PLUS\data\template.imp
Thu Sep 27 18:58:17 Loaded file C:\MEUS DOCUMENTOS\PROJETOS\TEMPLATE\BLIBIO~1.LLB
Thu Sep 27 18:58:23 Loaded file C:\PROGRAM FILES\ORCAD\LAYOUT_PLUS\data\template.imp
Thu Sep 27 18:58:24 Loaded file C:\PROGRAM FILES\ORCAD\LAYOUT_PLUS\data\template.imp
Thu Sep 27 18:58:40 Loaded file C:\PROGRAM FILES\ORCAD\LAYOUT_PLUS\data\template.imp
Thu Sep 27 18:58:40 Loaded file C:\PROGRAM FILES\ORCAD\LAYOUT_PLUS\data\template.imp
Thu Sep 27 18:58:45 Loaded file C:\MEUS DOCUMENTOS\PROJETOS\TEMPLATE\BLIBIO~1.LLB
Thu Sep 27 18:58:51 Loaded file C:\PROGRAM FILES\ORCAD\LAYOUT_PLUS\data\template.imp
Thu Sep 27 18:58:53 Loaded file C:\PROGRAM FILES\ORCAD\LAYOUT_PLUS\data\template.imp
Thu Sep 27 18:58:54 Loaded file C:\PROGRAM FILES\ORCAD\LAYOUT_PLUS\data\template.imp
Thu Sep 27 18:58:55 Loaded file C:\PROGRAM FILES\ORCAD\LAYOUT_PLUS\data\template.imp
Thu Sep 27 18:58:56 Loaded file C:\PROGRAM FILES\ORCAD\LAYOUT_PLUS\data\template.imp
Thu Sep 27 18:59:23 Loaded file C:\PROGRAM FILES\ORCAD\LAYOUT_PLUS\data\template.imp
Thu Sep 27 18:59:29 Loaded file C:\PROGRAM FILES\ORCAD\LAYOUT_PLUS\data\template.imp
Thu Sep 27 18:59:35 Loaded file C:\MEUS DOCUMENTOS\PROJETOS\TEMPLATE\BLIBIO~1.LLB
Thu Sep 27 18:59:47 Loaded file C:\PROGRAM FILES\ORCAD\LAYOUT_PLUS\data\template.imp
Thu Sep 27 18:59:56 Loaded file C:\PROGRAM FILES\ORCAD\LAYOUT_PLUS\data\template.imp
Thu Sep 27 18:59:56 Loaded file C:\PROGRAM FILES\ORCAD\LAYOUT_PLUS\data\template.imp
Thu Sep 27 18:59:59 Loaded file C:\MEUS DOCUMENTOS\PROJETOS\TEMPLATE\BLIBIO~1.LLB
Thu Sep 27 18:59:59 Loaded file C:\MEUS DOCUMENTOS\PROJETOS\TEMPLATE\BLIBIO~1.LLB
Thu Sep 27 19:00:03 Loaded file C:\PROGRAM FILES\ORCAD\LAYOUT_PLUS\data\template.imp
Thu Sep 27 19:00:59 Loaded file C:\MEUS DOCUMENTOS\PROJETOS\TEMPLATE\BLIBIO~1.LLB
Thu Sep 27 19:01:00 Saved as file C:\MEUS DOCUMENTOS\PROJETOS\TEMPLATE\BLIBIO~1.LLB
Thu Sep 27 19:01:15 Loaded file C:\PROGRAM FILES\ORCAD\LAYOUT_PLUS\data\template.imp
Thu Sep 27 19:01:15 Loaded file C:\PROGRAM FILES\ORCAD\LAYOUT_PLUS\data\template.imp
Thu Sep 27 19:01:17 Loaded file C:\MEUS DOCUMENTOS\PROJETOS\TEMPLATE\BLIBIO~1.LLB
Thu Sep 27 19:01:22 Loaded file C:\PROGRAM FILES\ORCAD\LAYOUT_PLUS\data\template.imp
Thu Sep 27 19:02:01 Loaded file C:\PROGRAM FILES\ORCAD\LAYOUT_PLUS\data\template.imp
Thu Sep 27 19:02:01 Loaded file C:\PROGRAM FILES\ORCAD\LAYOUT_PLUS\data\template.imp
Thu Sep 27 19:02:03 Loaded file C:\MEUS DOCUMENTOS\PROJETOS\TEMPLATE\BLIBIO~1.LLB
Thu Sep 27 19:02:09 Loaded file C:\PROGRAM FILES\ORCAD\LAYOUT_PLUS\data\template.imp
Thu Sep 27 19:08:17 Saved as file C:\MEUS DOCUMENTOS\PROJETOS\ESCUTA\ESCUTA.MAX
Thu Sep 27 19:08:28 Saved as file BACKUP1.MAX
Thu Sep 27 19:08:55 Saved as file C:\MEUS DOCUMENTOS\PROJETOS\ESCUTA\ESCUTA.MAX
Thu Sep 27 19:10:30 Saved as file C:\MEUS DOCUMENTOS\PROJETOS\ESCUTA\ESCUTA.MAX
Thu Sep 27 19:10:31 Saved as file C:\MEUS DOCUMENTOS\PROJETOS\ESCUTA\ESCUTA.MAX
Thu Sep 27 19:11:52 Saved as file C:\MEUS DOCUMENTOS\PROJETOS\ESCUTA\ESCUTA.MAX
Thu Sep 27 19:23:00 Loaded file C:\PROGRAM FILES\ORCAD\LAYOUT_PLUS\data\template.imp
Thu Sep 27 19:23:00 Loaded file C:\PROGRAM FILES\ORCAD\LAYOUT_PLUS\data\template.imp
Thu Sep 27 19:23:05 Loaded file C:\MEUS DOCUMENTOS\PROJETOS\TEMPLATE\BLIBIO~1.LLB
Thu Sep 27 19:23:09 Loaded file C:\PROGRAM FILES\ORCAD\LAYOUT_PLUS\data\template.imp
Thu Sep 27 19:26:14 Saved as file BACKUP1.MAX
Thu Sep 27 19:30:53 Loaded file C:\PROGRAM FILES\ORCAD\LAYOUT_PLUS\data\template.imp
Thu Sep 27 19:30:53 Loaded file C:\PROGRAM FILES\ORCAD\LAYOUT_PLUS\data\template.imp
Thu Sep 27 19:30:53 Loaded file C:\PROGRAM FILES\ORCAD\LAYOUT_PLUS\data\template.imp
Thu Sep 27 19:30:53 Loaded file C:\PROGRAM FILES\ORCAD\LAYOUT_PLUS\data\template.imp
Thu Sep 27 19:30:58 Loaded file C:\PROGRAM FILES\ORCAD\LAYOUT_PLUS\data\template.imp
Thu Sep 27 19:30:59 Loaded file C:\PROGRAM FILES\ORCAD\LAYOUT_PLUS\data\template.imp
Thu Sep 27 19:31:03 Loaded file C:\MEUS DOCUMENTOS\PROJETOS\TEMPLATE\BLIBIO~1.LLB
Thu Sep 27 19:31:09 Loaded file C:\PROGRAM FILES\ORCAD\LAYOUT_PLUS\data\template.imp
Thu Sep 27 19:31:11 Loaded file C:\PROGRAM FILES\ORCAD\LAYOUT_PLUS\data\template.imp
Thu Sep 27 19:31:12 Loaded file C:\PROGRAM FILES\ORCAD\LAYOUT_PLUS\data\template.imp
Thu Sep 27 19:31:13 Loaded file C:\PROGRAM FILES\ORCAD\LAYOUT_PLUS\data\template.imp
Thu Sep 27 19:32:03 Loaded file C:\PROGRAM FILES\ORCAD\LAYOUT_PLUS\data\template.imp
Thu Sep 27 19:32:03 Loaded file C:\PROGRAM FILES\ORCAD\LAYOUT_PLUS\data\template.imp
Thu Sep 27 19:32:03 Loaded file C:\PROGRAM FILES\ORCAD\LAYOUT_PLUS\data\template.imp
Thu Sep 27 19:32:03 Loaded file C:\PROGRAM FILES\ORCAD\LAYOUT_PLUS\data\template.imp
Thu Sep 27 19:32:07 Loaded file C:\MEUS DOCUMENTOS\PROJETOS\TEMPLATE\BLIBIO~1.LLB
Thu Sep 27 19:32:12 Loaded file C:\PROGRAM FILES\ORCAD\LAYOUT_PLUS\data\template.imp
Thu Sep 27 19:33:40 Loaded file C:\PROGRAM FILES\ORCAD\LAYOUT_PLUS\data\template.imp
Thu Sep 27 19:33:41 Loaded file C:\PROGRAM FILES\ORCAD\LAYOUT_PLUS\data\template.imp
Thu Sep 27 19:33:41 Loaded file C:\PROGRAM FILES\ORCAD\LAYOUT_PLUS\data\template.imp
Thu Sep 27 19:33:41 Loaded file C:\PROGRAM FILES\ORCAD\LAYOUT_PLUS\data\template.imp
Thu Sep 27 19:33:53 Loaded file C:\MEUS DOCUMENTOS\PROJETOS\TEMPLATE\BLIBIO~1.LLB
Thu Sep 27 19:33:54 Loaded file C:\MEUS DOCUMENTOS\PROJETOS\TEMPLATE\BLIBIO~1.LLB
Thu Sep 27 19:33:57 Loaded file C:\PROGRAM FILES\ORCAD\LAYOUT_PLUS\library\BCON100T.llb
Thu Sep 27 19:33:57 Loaded file C:\MEUS DOCUMENTOS\PROJETOS\TEMPLATE\BLIBIO~1.LLB
Thu Sep 27 19:34:04 Loaded file C:\PROGRAM FILES\ORCAD\LAYOUT_PLUS\data\template.imp
Thu Sep 27 19:34:05 Loaded file C:\PROGRAM FILES\ORCAD\LAYOUT_PLUS\data\template.imp
Thu Sep 27 19:34:06 Loaded file C:\PROGRAM FILES\ORCAD\LAYOUT_PLUS\data\template.imp
Thu Sep 27 19:34:30 Loaded file C:\PROGRAM FILES\ORCAD\LAYOUT_PLUS\data\template.imp
Thu Sep 27 19:34:30 Loaded file C:\PROGRAM FILES\ORCAD\LAYOUT_PLUS\data\template.imp
Thu Sep 27 19:34:34 Loaded file C:\PROGRAM FILES\ORCAD\LAYOUT_PLUS\data\template.imp
Thu Sep 27 19:38:42 Saved as file C:\MEUS DOCUMENTOS\PROJETOS\ESCUTA\ESCUTA.MAX
Thu Sep 27 19:38:45 Saved as file C:\MEUS DOCUMENTOS\PROJETOS\ESCUTA\ESCUTA.MAX
Thu Sep 27 19:42:01 Saved as file C:\MEUS DOCUMENTOS\PROJETOS\ESCUTA\BACKUP1.MAX
Thu Sep 27 19:47:03 Saved as file C:\MEUS DOCUMENTOS\PROJETOS\ESCUTA\BACKUP1.MAX
Thu Sep 27 19:51:06 Saved as file BACKUP1.MAX
Thu Sep 27 20:01:06 Saved as file BACKUP1.MAX
Thu Sep 27 20:11:07 Saved as file BACKUP1.MAX
Thu Sep 27 20:21:07 Saved as file BACKUP1.MAX
Thu Sep 27 20:31:08 Saved as file BACKUP1.MAX
Thu Sep 27 20:41:08 Saved as file BACKUP1.MAX
Thu Sep 27 20:51:09 Saved as file BACKUP1.MAX
Thu Sep 27 21:01:09 Saved as file BACKUP1.MAX
Thu Sep 27 21:11:10 Saved as file BACKUP1.MAX
Thu Sep 27 21:21:10 Saved as file BACKUP1.MAX
Thu Sep 27 21:31:11 Saved as file BACKUP1.MAX
Thu Sep 27 21:41:11 Saved as file BACKUP1.MAX
Thu Sep 27 21:51:12 Saved as file BACKUP1.MAX
Thu Sep 27 22:01:12 Saved as file BACKUP1.MAX
Thu Sep 27 22:11:13 Saved as file BACKUP1.MAX
Thu Sep 27 22:21:13 Saved as file BACKUP1.MAX
Thu Sep 27 22:31:14 Saved as file BACKUP1.MAX
Thu Sep 27 22:41:14 Saved as file BACKUP1.MAX
Thu Sep 27 22:51:15 Saved as file BACKUP1.MAX
Thu Sep 27 23:01:15 Saved as file BACKUP1.MAX
Thu Sep 27 23:11:16 Saved as file BACKUP1.MAX
Thu Sep 27 23:19:11 Saved as file C:\MEUS DOCUMENTOS\PROJETOS\ESCUTA\BACKUP1.MAX
Thu Sep 27 23:21:13 Loaded file C:\MEUS DOCUMENTOS\PROJETOS\ESCUTA\BACKUP2.MAX
Thu Sep 27 23:21:46 Saved as file BACKUP1.MAX
Thu Sep 27 23:23:48 Saved as file C:\MEUS DOCUMENTOS\PROJETOS\ESCUTA\BACKUP2.MAX
Thu Sep 27 23:31:47 Saved as file BACKUP1.MAX
Thu Sep 27 23:41:47 Saved as file BACKUP1.MAX
Sat Sep 29 17:33:57 Saved as file C:\MEUS DOCUMENTOS\PROJETOS\ESCUTA\BACKUP1.MAX
Sat Sep 29 17:40:30 Saved as file C:\MEUS DOCUMENTOS\PROJETOS\ESCUTA\BACKUP1.MAX
Sat Sep 29 17:40:32 Saved as file C:\MEUS DOCUMENTOS\PROJETOS\ESCUTA\BACKUP1.MAX
Sat Sep 29 17:41:54 Saved as file BACKUP1.MAX
Sat Sep 29 17:46:03 Saved as file C:\MEUS DOCUMENTOS\PROJETOS\ESCUTA\BACKUP1.MAX
Sat Sep 29 17:48:37 Saved as file C:\MEUS DOCUMENTOS\PROJETOS\ESCUTA\BACKUP1.MAX
Sat Sep 29 17:48:38 Saved as file C:\MEUS DOCUMENTOS\PROJETOS\ESCUTA\BACKUP1.MAX
Sat Sep 29 17:49:18 Saved as file C:\MEUS DOCUMENTOS\PROJETOS\ESCUTA\BACKUP1.MAX
Sat Sep 29 17:51:41 Saved as file C:\MEUS DOCUMENTOS\PROJETOS\ESCUTA\BACKUP1.MAX
Sat Sep 29 17:52:24 Saved as file BACKUP1.MAX
Sat Sep 29 17:57:14 Saved as file C:\MEUS DOCUMENTOS\PROJETOS\ESCUTA\BACKUP1.MAX
Sat Sep 29 18:06:41 Saved as file Backup0.max
Sat Sep 29 18:06:41 Windows which were open at time of error:
Sat Sep 29 18:06:41 	ActiveWindow: &Design
Sat Sep 29 18:06:41 	Child: Co&lor
Sat Sep 29 18:06:41 	Icon: &Components
Sat Sep 29 18:06:41 	Icon: &Nets
Sat Sep 29 18:06:41 	Icon: Post Proces&s
Sat Sep 29 18:06:41 End-of-list
Sat Sep 29 18:06:41 Loaded file BACKUP0.MAX
Sat Sep 29 18:12:33 Saved as file C:\MEUS DOCUMENTOS\PROJETOS\ESCUTA\BACKUP2.MAX
Sat Sep 29 18:16:42 Saved as file BACKUP1.MAX
Sat Sep 29 18:26:43 Saved as file BACKUP1.MAX
Sat Sep 29 18:33:19 Saved as file C:\MEUS DOCUMENTOS\PROJETOS\ESCUTA\BACKUP2.MAX
Sat Sep 29 18:41:17 Saved as file BACKUP1.MAX
Sat Sep 29 18:51:21 Saved as file BACKUP1.MAX
Sat Sep 29 19:01:19 Saved as file BACKUP1.MAX
Sat Sep 29 19:11:19 Saved as file BACKUP1.MAX
Sat Sep 29 19:21:26 Saved as file BACKUP1.MAX
Sat Sep 29 19:31:21 Saved as file BACKUP1.MAX
Sat Sep 29 19:41:21 Saved as file BACKUP1.MAX
Sat Sep 29 19:45:05 Saved as file C:\MEUS DOCUMENTOS\PROJETOS\ESCUTA\BACKUP2.MAX
Sat Sep 29 20:51:28 Saved as file C:\MEUS DOCUMENTOS\PROJETOS\ESCUTA\BACKUP2.MAX
Sat Sep 29 21:01:27 Saved as file BACKUP1.MAX
Sat Sep 29 21:06:48 Saved as file C:\MEUS DOCUMENTOS\PROJETOS\ESCUTA\BACKUP2.MAX
Sat Sep 29 21:07:23 Saved as file C:\MEUS DOCUMENTOS\PROJETOS\ESCUTA\BACKUP2.MAX
Sat Sep 29 21:08:04 Saved as file C:\MEUS DOCUMENTOS\PROJETOS\ESCUTA\ESCUTA.MAX
Sat Sep 29 21:08:51 Saved as file C:\MEUS DOCUMENTOS\PROJETOS\ESCUTA\ESCUTA.MAX
Sat Sep 29 21:09:05 Loaded file C:\Meus documentos\PROJETOS\Escuta\Escuta.max
Sun Oct 07 19:16:44 Saved as file BACKUP1.MAX
Sun Oct 07 19:26:45 Saved as file BACKUP1.MAX
Sun Oct 07 19:36:45 Saved as file BACKUP1.MAX
Sun Oct 07 19:46:46 Saved as file BACKUP1.MAX
Sun Oct 07 19:56:47 Saved as file BACKUP1.MAX
Sun Oct 07 20:06:47 Saved as file BACKUP1.MAX
Sun Oct 07 20:16:48 Saved as file BACKUP1.MAX
Sun Oct 07 20:26:49 Saved as file BACKUP1.MAX
Sun Oct 07 20:36:50 Saved as file BACKUP1.MAX
Sun Oct 07 20:46:50 Saved as file BACKUP1.MAX
Sun Oct 07 20:56:51 Saved as file BACKUP1.MAX
Sun Oct 07 21:06:51 Saved as file BACKUP1.MAX
Sun Oct 07 21:16:52 Saved as file BACKUP1.MAX
Sun Oct 07 21:26:53 Saved as file BACKUP1.MAX
Sun Oct 07 21:36:53 Saved as file BACKUP1.MAX
Sun Oct 07 21:46:54 Saved as file BACKUP1.MAX
Sun Oct 07 21:56:55 Saved as file BACKUP1.MAX
Sun Oct 07 22:06:55 Saved as file BACKUP1.MAX
Sun Oct 07 22:16:56 Saved as file BACKUP1.MAX
Sun Oct 07 22:26:56 Saved as file BACKUP1.MAX
Sun Oct 07 22:36:57 Saved as file BACKUP1.MAX
Sun Oct 07 22:46:58 Saved as file BACKUP1.MAX
Sun Oct 07 22:56:58 Saved as file BACKUP1.MAX
Sun Oct 07 23:07:03 Saved as file BACKUP1.MAX
Sun Oct 07 23:17:00 Saved as file BACKUP1.MAX
Sun Oct 07 23:27:00 Saved as file BACKUP1.MAX
Sun Oct 07 23:37:01 Saved as file BACKUP1.MAX
Sun Oct 07 23:47:02 Saved as file BACKUP1.MAX
Sun Oct 07 23:57:03 Saved as file BACKUP1.MAX
Mon Oct 08 00:07:03 Saved as file BACKUP1.MAX
Mon Oct 08 00:17:03 Saved as file BACKUP1.MAX
Mon Oct 08 00:27:04 Saved as file BACKUP1.MAX
Tue Oct 23 17:56:37 Error code 0032.221 (&Tpicos de ajuda... )
Tue Oct 23 17:56:39 Saved as file Backup0.max
Tue Oct 23 17:56:39 Windows which were open at time of error:
Tue Oct 23 17:56:39 	ActiveWindow: &Route
Tue Oct 23 17:56:39 	Icon: &Components
Tue Oct 23 17:56:39 	Icon: &Nets
Tue Oct 23 17:56:39 	Icon: Post Proces&s
Tue Oct 23 17:56:39 End-of-list
Tue Oct 23 17:56:43 Loaded file BACKUP0.MAX
Wed Nov 07 21:27:00 Saved as file BACKUP1.MAX
Wed Nov 07 21:37:01 Saved as file BACKUP1.MAX
Wed Nov 07 21:47:01 Saved as file BACKUP1.MAX
Wed Nov 07 21:57:04 Saved as file BACKUP1.MAX
Wed Nov 07 22:07:32 Saved as file BACKUP1.MAX
Wed Nov 07 22:17:33 Saved as file BACKUP1.MAX
Wed Nov 07 22:27:33 Saved as file BACKUP1.MAX
Wed Nov 07 22:37:34 Saved as file BACKUP1.MAX
Wed Nov 07 22:47:34 Saved as file BACKUP1.MAX
Wed Nov 07 22:57:35 Saved as file BACKUP1.MAX
Wed Nov 07 23:07:35 Saved as file BACKUP1.MAX
